<?xml version="1.0" encoding="UTF-8"?>
<testsuite xmlns:xsi="http://www.w3.org/2001/XMLSchema-instance" xsi:noNamespaceSchemaLocation="https://maven.apache.org/surefire/maven-surefire-plugin/xsd/surefire-test-report-3.0.xsd" version="3.0" name="org.matsim.project.RunMatsimTest" time="9.53" tests="1" errors="0" skipped="0" failures="0">
  <properties>
[...]
</properties>
  <testcase name="test" classname="org.matsim.project.RunMatsimTest" time="9.453">
    <system-out><![CDATA[2024-05-03T16:22:42,521  INFO Config:602 setting context to [file:/C:/Users/ranyjulek/Desktop/uni/inteligencja-obliczeniowa/IO_projekt/java/]
2024-05-03T16:22:42,621  INFO Version:21 HV000001: Hibernate Validator 8.0.0.Final
2024-05-03T16:22:42,796  INFO MatsimXmlParser:165 starting to parse xml from url jar:file:/C:/Users/ranyjulek/.m2/repository/org/matsim/matsim-examples/15.0/matsim-examples-15.0.jar!/test/scenarios/equil/config.xml ...
2024-05-03T16:22:42,875  INFO ConfigReader:103 using config_v2-reader
2024-05-03T16:22:42,875  INFO MatsimXmlParser:281 Trying to load http://www.matsim.org/files/dtd/config_v2.dtd. In some cases (e.g. network interface up but no connection), this may take a bit.
2024-05-03T16:22:43,018  INFO PlanCalcScoreConfigGroup:555 scoring parameters for subpopulation null were just replaced.
2024-05-03T16:22:43,024  INFO Config:602 setting context to [jar:file:/C:/Users/ranyjulek/.m2/repository/org/matsim/matsim-examples/15.0/matsim-examples-15.0.jar!/test/scenarios/equil/config.xml]
2024-05-03T16:22:43,027  INFO CommandLine:508 Received 0 positional command line arguments:
2024-05-03T16:22:43,027  INFO CommandLine:509    
2024-05-03T16:22:43,027  INFO CommandLine:531 Received 2 command line options with 1 prefixes:
2024-05-03T16:22:43,027  INFO CommandLine:543    Prefix config:
2024-05-03T16:22:43,028  INFO CommandLine:546       controler.outputDirectory = test/output/org/matsim/project/RunMatsimTest/test/
2024-05-03T16:22:43,028  INFO CommandLine:546       controler.lastIteration = 1
2024-05-03T16:22:43,032  INFO CommandLine:642 Setting config:controler.outputDirectory to test/output/org/matsim/project/RunMatsimTest/test/
2024-05-03T16:22:43,032  INFO CommandLine:642 Setting config:controler.lastIteration to 1
2024-05-03T16:22:43,083  INFO ScenarioLoaderImpl:135 loading network from jar:file:/C:/Users/ranyjulek/.m2/repository/org/matsim/matsim-examples/15.0/matsim-examples-15.0.jar!/test/scenarios/equil/network.xml
2024-05-03T16:22:43,087  INFO MatsimXmlParser:165 starting to parse xml from url jar:file:/C:/Users/ranyjulek/.m2/repository/org/matsim/matsim-examples/15.0/matsim-examples-15.0.jar!/test/scenarios/equil/network.xml ...
2024-05-03T16:22:43,092  INFO MatsimNetworkReader:116 using network_v1-reader.
2024-05-03T16:22:43,092  INFO MatsimXmlParser:281 Trying to load http://www.matsim.org/files/dtd/network_v1.dtd. In some cases (e.g. network interface up but no connection), this may take a bit.
2024-05-03T16:22:43,158  INFO NetworkImpl:165  node # 1
2024-05-03T16:22:43,159  INFO NetworkImpl:165  node # 4
2024-05-03T16:22:43,163  INFO NetworkImpl:161  link # 1
2024-05-03T16:22:43,164  INFO NetworkImpl:161  link # 4
2024-05-03T16:22:43,166  INFO NetworkImpl:161  link # 16
2024-05-03T16:22:43,168  INFO ScenarioLoaderImpl:160 loading facilities from jar:file:/C:/Users/ranyjulek/.m2/repository/org/matsim/matsim-examples/15.0/matsim-examples-15.0.jar!/test/scenarios/equil/facilities.xml
2024-05-03T16:22:43,169  INFO MatsimXmlParser:165 starting to parse xml from url jar:file:/C:/Users/ranyjulek/.m2/repository/org/matsim/matsim-examples/15.0/matsim-examples-15.0.jar!/test/scenarios/equil/facilities.xml ...
2024-05-03T16:22:43,345  INFO MatsimFacilitiesReader:138 using facilities_v1-reader.
2024-05-03T16:22:43,345  INFO MatsimXmlParser:281 Trying to load http://www.matsim.org/files/dtd/facilities_v1.dtd. In some cases (e.g. network interface up but no connection), this may take a bit.
2024-05-03T16:22:43,417  INFO ScenarioLoaderImpl:169 loaded 23 facilities from jar:file:/C:/Users/ranyjulek/.m2/repository/org/matsim/matsim-examples/15.0/matsim-examples-15.0.jar!/test/scenarios/equil/facilities.xml
2024-05-03T16:22:43,417  INFO ScenarioLoaderImpl:188 no facility-attributes file set in config, not loading any facility attributes
2024-05-03T16:22:43,417  INFO ScenarioLoaderImpl:196 loading population from jar:file:/C:/Users/ranyjulek/.m2/repository/org/matsim/matsim-examples/15.0/matsim-examples-15.0.jar!/test/scenarios/equil/plans100.xml
2024-05-03T16:22:43,425  INFO MatsimXmlParser:165 starting to parse xml from url jar:file:/C:/Users/ranyjulek/.m2/repository/org/matsim/matsim-examples/15.0/matsim-examples-15.0.jar!/test/scenarios/equil/plans100.xml ...
2024-05-03T16:22:43,430  INFO PopulationReader:139 using plans_v4-reader.
2024-05-03T16:22:43,430  INFO MatsimXmlParser:281 Trying to load http://www.matsim.org/files/dtd/plans_v4.dtd. In some cases (e.g. network interface up but no connection), this may take a bit.
2024-05-03T16:22:43,539  INFO ParallelPopulationReaderMatsimV4:138 Start parallel population reading...
2024-05-03T16:22:43,547  INFO PopulationImpl:107  person # 1
2024-05-03T16:22:43,551  INFO PopulationImpl:107  person # 4
2024-05-03T16:22:43,556  INFO PopulationImpl:107  person # 16
2024-05-03T16:22:43,567  INFO PopulationImpl:107  person # 64
2024-05-03T16:22:43,579  INFO ParallelPopulationReaderMatsimV4:188 Finished parallel population reading...
2024-05-03T16:22:43,580  INFO PopulationUtils:1078  person # 100
2024-05-03T16:22:43,580  INFO ScenarioLoaderImpl:244 no person-attributes file set in config, not loading any person attributes
2024-05-03T16:22:43,580  INFO ScenarioLoaderImpl:258 no households file set in config, not loading households
2024-05-03T16:22:43,580  INFO ScenarioLoaderImpl:276 no household-attributes file set in config, not loading any household attributes
2024-05-03T16:22:43,581  INFO ScenarioLoaderImpl:290 no transit schedule file set in config, not loading any transit schedule
2024-05-03T16:22:43,581  INFO ScenarioLoaderImpl:331 no transit vehicles file set in config, not loading any transit vehicles
2024-05-03T16:22:43,603  INFO VspConfigConsistencyCheckerImpl:64 NOT running vsp config consistency check because vsp defaults checking level is set to IGNORE
2024-05-03T16:22:44,682  INFO SimStepParallelEventsManagerImpl:80 number of threads=1
2024-05-03T16:22:44,693  INFO EventsManagerImpl:138 adding Event-Handler: org.matsim.core.trafficmonitoring.TravelTimeCalculator
2024-05-03T16:22:44,693  INFO EventsManagerImpl:144   org.matsim.api.core.v01.events.handler.LinkEnterEventHandler
2024-05-03T16:22:44,693  INFO EventsManagerImpl:205     > org.matsim.api.core.v01.events.LinkEnterEvent
2024-05-03T16:22:44,694  INFO EventsManagerImpl:144   org.matsim.api.core.v01.events.handler.LinkLeaveEventHandler
2024-05-03T16:22:44,694  INFO EventsManagerImpl:205     > org.matsim.api.core.v01.events.LinkLeaveEvent
2024-05-03T16:22:44,694  INFO EventsManagerImpl:144   org.matsim.api.core.v01.events.handler.VehicleEntersTrafficEventHandler
2024-05-03T16:22:44,695  INFO EventsManagerImpl:205     > org.matsim.api.core.v01.events.VehicleEntersTrafficEvent
2024-05-03T16:22:44,695  INFO EventsManagerImpl:144   org.matsim.api.core.v01.events.handler.VehicleLeavesTrafficEventHandler
2024-05-03T16:22:44,695  INFO EventsManagerImpl:205     > org.matsim.api.core.v01.events.VehicleLeavesTrafficEvent
2024-05-03T16:22:44,695  INFO EventsManagerImpl:144   org.matsim.core.api.experimental.events.handler.VehicleArrivesAtFacilityEventHandler
2024-05-03T16:22:44,695  INFO EventsManagerImpl:205     > org.matsim.core.api.experimental.events.VehicleArrivesAtFacilityEvent
2024-05-03T16:22:44,695  INFO EventsManagerImpl:144   org.matsim.api.core.v01.events.handler.VehicleAbortsEventHandler
2024-05-03T16:22:44,696  INFO EventsManagerImpl:205     > org.matsim.api.core.v01.events.VehicleAbortsEvent
2024-05-03T16:22:44,696  INFO EventsManagerImpl:154 
2024-05-03T16:22:44,696  INFO EventsManagerImpl:138 adding Event-Handler: org.matsim.core.trafficmonitoring.TravelTimeCalculator
2024-05-03T16:22:44,696  INFO EventsManagerImpl:144   org.matsim.api.core.v01.events.handler.LinkEnterEventHandler
2024-05-03T16:22:44,696  INFO EventsManagerImpl:205     > org.matsim.api.core.v01.events.LinkEnterEvent
2024-05-03T16:22:44,697  INFO EventsManagerImpl:144   org.matsim.api.core.v01.events.handler.LinkLeaveEventHandler
2024-05-03T16:22:44,697  INFO EventsManagerImpl:205     > org.matsim.api.core.v01.events.LinkLeaveEvent
2024-05-03T16:22:44,697  INFO EventsManagerImpl:144   org.matsim.api.core.v01.events.handler.VehicleEntersTrafficEventHandler
2024-05-03T16:22:44,697  INFO EventsManagerImpl:205     > org.matsim.api.core.v01.events.VehicleEntersTrafficEvent
2024-05-03T16:22:44,697  INFO EventsManagerImpl:144   org.matsim.api.core.v01.events.handler.VehicleLeavesTrafficEventHandler
2024-05-03T16:22:44,697  INFO EventsManagerImpl:205     > org.matsim.api.core.v01.events.VehicleLeavesTrafficEvent
2024-05-03T16:22:44,697  INFO EventsManagerImpl:144   org.matsim.core.api.experimental.events.handler.VehicleArrivesAtFacilityEventHandler
2024-05-03T16:22:44,697  INFO EventsManagerImpl:205     > org.matsim.core.api.experimental.events.VehicleArrivesAtFacilityEvent
2024-05-03T16:22:44,697  INFO EventsManagerImpl:144   org.matsim.api.core.v01.events.handler.VehicleAbortsEventHandler
2024-05-03T16:22:44,698  INFO EventsManagerImpl:205     > org.matsim.api.core.v01.events.VehicleAbortsEvent
2024-05-03T16:22:44,698  INFO EventsManagerImpl:154 
2024-05-03T16:22:44,710  INFO StrategyManager:77 global innovation switch off after iteration: 2147483647
2024-05-03T16:22:44,713  INFO GenericStrategyManagerImpl:330 added change request:  iteration=-2147483648 newWeight=0.0 strategy=RandomPlanSelector_ReRoute
2024-05-03T16:22:44,714  INFO GenericStrategyManagerImpl:362 setting PlanSelectorForRemoval to class org.matsim.core.replanning.selectors.WorstPlanForRemovalSelector
2024-05-03T16:22:44,717  INFO EventsManagerImpl:138 adding Event-Handler: org.matsim.core.scoring.ScoringFunctionsForPopulation
2024-05-03T16:22:44,717  INFO EventsManagerImpl:144   org.matsim.core.events.handler.BasicEventHandler
2024-05-03T16:22:44,717  INFO EventsManagerImpl:205     > org.matsim.api.core.v01.events.Event
2024-05-03T16:22:44,718  INFO EventsManagerImpl:154 
2024-05-03T16:22:44,718  INFO EventsManagerImpl:138 adding Event-Handler: org.matsim.core.scoring.ScoringFunctionsForPopulation
2024-05-03T16:22:44,718  INFO EventsManagerImpl:144   org.matsim.core.events.handler.BasicEventHandler
2024-05-03T16:22:44,718  INFO EventsManagerImpl:205     > org.matsim.api.core.v01.events.Event
2024-05-03T16:22:44,718  INFO EventsManagerImpl:154 
2024-05-03T16:22:44,722  INFO CalcLinkStats:151  resetting `count' to zero.  This info is here since we want to check when this is happening during normal simulation runs.  kai, jan'11
2024-05-03T16:22:44,724  INFO EventsManagerImpl:138 adding Event-Handler: org.matsim.analysis.VolumesAnalyzer
2024-05-03T16:22:44,725  INFO EventsManagerImpl:144   org.matsim.api.core.v01.events.handler.LinkLeaveEventHandler
2024-05-03T16:22:44,725  INFO EventsManagerImpl:205     > org.matsim.api.core.v01.events.LinkLeaveEvent
2024-05-03T16:22:44,725  INFO EventsManagerImpl:144   org.matsim.api.core.v01.events.handler.VehicleEntersTrafficEventHandler
2024-05-03T16:22:44,725  INFO EventsManagerImpl:205     > org.matsim.api.core.v01.events.VehicleEntersTrafficEvent
2024-05-03T16:22:44,726  INFO EventsManagerImpl:154 
2024-05-03T16:22:44,726  INFO EventsManagerImpl:138 adding Event-Handler: org.matsim.analysis.VolumesAnalyzer
2024-05-03T16:22:44,726  INFO EventsManagerImpl:144   org.matsim.api.core.v01.events.handler.LinkLeaveEventHandler
2024-05-03T16:22:44,726  INFO EventsManagerImpl:205     > org.matsim.api.core.v01.events.LinkLeaveEvent
2024-05-03T16:22:44,726  INFO EventsManagerImpl:144   org.matsim.api.core.v01.events.handler.VehicleEntersTrafficEventHandler
2024-05-03T16:22:44,726  INFO EventsManagerImpl:205     > org.matsim.api.core.v01.events.VehicleEntersTrafficEvent
2024-05-03T16:22:44,727  INFO EventsManagerImpl:154 
2024-05-03T16:22:44,728  INFO EventsManagerImpl:138 adding Event-Handler: org.matsim.analysis.LegHistogram
2024-05-03T16:22:44,728  INFO EventsManagerImpl:144   org.matsim.api.core.v01.events.handler.PersonDepartureEventHandler
2024-05-03T16:22:44,728  INFO EventsManagerImpl:205     > org.matsim.api.core.v01.events.PersonDepartureEvent
2024-05-03T16:22:44,728  INFO EventsManagerImpl:144   org.matsim.api.core.v01.events.handler.PersonArrivalEventHandler
2024-05-03T16:22:44,728  INFO EventsManagerImpl:205     > org.matsim.api.core.v01.events.PersonArrivalEvent
2024-05-03T16:22:44,728  INFO EventsManagerImpl:144   org.matsim.api.core.v01.events.handler.PersonStuckEventHandler
2024-05-03T16:22:44,729  INFO EventsManagerImpl:205     > org.matsim.api.core.v01.events.PersonStuckEvent
2024-05-03T16:22:44,729  INFO EventsManagerImpl:154 
2024-05-03T16:22:44,729  INFO EventsManagerImpl:138 adding Event-Handler: org.matsim.analysis.LegHistogram
2024-05-03T16:22:44,729  INFO EventsManagerImpl:144   org.matsim.api.core.v01.events.handler.PersonDepartureEventHandler
2024-05-03T16:22:44,729  INFO EventsManagerImpl:205     > org.matsim.api.core.v01.events.PersonDepartureEvent
2024-05-03T16:22:44,729  INFO EventsManagerImpl:144   org.matsim.api.core.v01.events.handler.PersonArrivalEventHandler
2024-05-03T16:22:44,729  INFO EventsManagerImpl:205     > org.matsim.api.core.v01.events.PersonArrivalEvent
2024-05-03T16:22:44,729  INFO EventsManagerImpl:144   org.matsim.api.core.v01.events.handler.PersonStuckEventHandler
2024-05-03T16:22:44,729  INFO EventsManagerImpl:205     > org.matsim.api.core.v01.events.PersonStuckEvent
2024-05-03T16:22:44,729  INFO EventsManagerImpl:154 
2024-05-03T16:22:44,730  INFO EventsManagerImpl:138 adding Event-Handler: org.matsim.analysis.CalcLegTimes
2024-05-03T16:22:44,730  INFO EventsManagerImpl:144   org.matsim.api.core.v01.events.handler.PersonDepartureEventHandler
2024-05-03T16:22:44,730  INFO EventsManagerImpl:205     > org.matsim.api.core.v01.events.PersonDepartureEvent
2024-05-03T16:22:44,730  INFO EventsManagerImpl:144   org.matsim.api.core.v01.events.handler.PersonArrivalEventHandler
2024-05-03T16:22:44,730  INFO EventsManagerImpl:205     > org.matsim.api.core.v01.events.PersonArrivalEvent
2024-05-03T16:22:44,730  INFO EventsManagerImpl:144   org.matsim.api.core.v01.events.handler.ActivityEndEventHandler
2024-05-03T16:22:44,730  INFO EventsManagerImpl:205     > org.matsim.api.core.v01.events.ActivityEndEvent
2024-05-03T16:22:44,730  INFO EventsManagerImpl:144   org.matsim.api.core.v01.events.handler.ActivityStartEventHandler
2024-05-03T16:22:44,731  INFO EventsManagerImpl:205     > org.matsim.api.core.v01.events.ActivityStartEvent
2024-05-03T16:22:44,731  INFO EventsManagerImpl:154 
2024-05-03T16:22:44,731  INFO EventsManagerImpl:138 adding Event-Handler: org.matsim.analysis.CalcLegTimes
2024-05-03T16:22:44,731  INFO EventsManagerImpl:144   org.matsim.api.core.v01.events.handler.PersonDepartureEventHandler
2024-05-03T16:22:44,731  INFO EventsManagerImpl:205     > org.matsim.api.core.v01.events.PersonDepartureEvent
2024-05-03T16:22:44,731  INFO EventsManagerImpl:144   org.matsim.api.core.v01.events.handler.PersonArrivalEventHandler
2024-05-03T16:22:44,731  INFO EventsManagerImpl:205     > org.matsim.api.core.v01.events.PersonArrivalEvent
2024-05-03T16:22:44,731  INFO EventsManagerImpl:144   org.matsim.api.core.v01.events.handler.ActivityEndEventHandler
2024-05-03T16:22:44,731  INFO EventsManagerImpl:205     > org.matsim.api.core.v01.events.ActivityEndEvent
2024-05-03T16:22:44,732  INFO EventsManagerImpl:144   org.matsim.api.core.v01.events.handler.ActivityStartEventHandler
2024-05-03T16:22:44,732  INFO EventsManagerImpl:205     > org.matsim.api.core.v01.events.ActivityStartEvent
2024-05-03T16:22:44,732  INFO EventsManagerImpl:154 
2024-05-03T16:22:44,736  INFO AbstractController:55 Used Controler-Class: org.matsim.core.controler.NewControler
2024-05-03T16:22:44,737  INFO Config:562 ConfigConsistencyChecker with runtime type=class org.matsim.core.config.consistency.ConfigConsistencyCheckerImpl was already added; not adding it a second time
2024-05-03T16:22:44,744  INFO Injector:81 === printInjector start ===
2024-05-03T16:22:44,746  INFO Injector:85 org.matsim.api.core.v01.Scenario 
2024-05-03T16:22:44,748  INFO Injector:86   --> provider: ConstantFactory{value=org.matsim.core.scenario.MutableScenario@136ccbfe}[Scopes.SINGLETON]
2024-05-03T16:22:44,748  INFO Injector:87   --> source: org.matsim.core.scenario.ScenarioByInstanceModule.install(ScenarioByInstanceModule.java:52)
2024-05-03T16:22:44,749  INFO Injector:89   --> scope: eager singleton
2024-05-03T16:22:44,749  INFO Injector:94   ==full==> InstanceBinding{key=Key[type=org.matsim.api.core.v01.Scenario, annotation=[none]], source=org.matsim.core.scenario.ScenarioByInstanceModule.install(ScenarioByInstanceModule.java:52), instance=org.matsim.core.scenario.MutableScenario@136ccbfe}
2024-05-03T16:22:44,749  INFO Injector:96 
2024-05-03T16:22:44,749  INFO Injector:85 org.matsim.facilities.ActivityFacilities 
2024-05-03T16:22:44,758  INFO Injector:86   --> provider: @Provides org.matsim.core.scenario.ScenarioByInstanceModule.provideActivityFacilities(ScenarioByInstanceModule.java:72)
2024-05-03T16:22:44,758  INFO Injector:87   --> source: org.matsim.facilities.ActivityFacilities org.matsim.core.scenario.ScenarioByInstanceModule.provideActivityFacilities(org.matsim.api.core.v01.Scenario)
2024-05-03T16:22:44,758  INFO Injector:89   --> scope: Scopes.NO_SCOPE
2024-05-03T16:22:44,759  INFO Injector:94   ==full==> ProviderInstanceBinding{key=Key[type=org.matsim.facilities.ActivityFacilities, annotation=[none]], source=org.matsim.facilities.ActivityFacilities org.matsim.core.scenario.ScenarioByInstanceModule.provideActivityFacilities(org.matsim.api.core.v01.Scenario), scope=Scopes.NO_SCOPE, provider=@Provides org.matsim.core.scenario.ScenarioByInstanceModule.provideActivityFacilities(ScenarioByInstanceModule.java:72)}
2024-05-03T16:22:44,759  INFO Injector:96 
2024-05-03T16:22:44,759  INFO Injector:85 org.matsim.households.Households 
2024-05-03T16:22:44,759  INFO Injector:86   --> provider: @Provides org.matsim.core.scenario.ScenarioByInstanceModule.provideHouseholds(ScenarioByInstanceModule.java:77)
2024-05-03T16:22:44,759  INFO Injector:87   --> source: org.matsim.households.Households org.matsim.core.scenario.ScenarioByInstanceModule.provideHouseholds(org.matsim.api.core.v01.Scenario)
2024-05-03T16:22:44,759  INFO Injector:89   --> scope: Scopes.NO_SCOPE
2024-05-03T16:22:44,760  INFO Injector:94   ==full==> ProviderInstanceBinding{key=Key[type=org.matsim.households.Households, annotation=[none]], source=org.matsim.households.Households org.matsim.core.scenario.ScenarioByInstanceModule.provideHouseholds(org.matsim.api.core.v01.Scenario), scope=Scopes.NO_SCOPE, provider=@Provides org.matsim.core.scenario.ScenarioByInstanceModule.provideHouseholds(ScenarioByInstanceModule.java:77)}
2024-05-03T16:22:44,760  INFO Injector:96 
2024-05-03T16:22:44,760  INFO Injector:85 org.matsim.lanes.Lanes 
2024-05-03T16:22:44,760  INFO Injector:86   --> provider: @Provides org.matsim.core.scenario.ScenarioByInstanceModule.provideLanes(ScenarioByInstanceModule.java:87)
2024-05-03T16:22:44,760  INFO Injector:87   --> source: org.matsim.lanes.Lanes org.matsim.core.scenario.ScenarioByInstanceModule.provideLanes(org.matsim.api.core.v01.Scenario)
2024-05-03T16:22:44,760  INFO Injector:89   --> scope: Scopes.NO_SCOPE
2024-05-03T16:22:44,760  INFO Injector:94   ==full==> ProviderInstanceBinding{key=Key[type=org.matsim.lanes.Lanes, annotation=[none]], source=org.matsim.lanes.Lanes org.matsim.core.scenario.ScenarioByInstanceModule.provideLanes(org.matsim.api.core.v01.Scenario), scope=Scopes.NO_SCOPE, provider=@Provides org.matsim.core.scenario.ScenarioByInstanceModule.provideLanes(ScenarioByInstanceModule.java:87)}
2024-05-03T16:22:44,760  INFO Injector:96 
2024-05-03T16:22:44,760  INFO Injector:85 org.matsim.api.core.v01.network.Network 
2024-05-03T16:22:44,761  INFO Injector:86   --> provider: @Provides org.matsim.core.scenario.ScenarioByInstanceModule.provideNetwork(ScenarioByInstanceModule.java:60)
2024-05-03T16:22:44,761  INFO Injector:87   --> source: org.matsim.api.core.v01.network.Network org.matsim.core.scenario.ScenarioByInstanceModule.provideNetwork(org.matsim.api.core.v01.Scenario)
2024-05-03T16:22:44,761  INFO Injector:89   --> scope: Scopes.NO_SCOPE
2024-05-03T16:22:44,761  INFO Injector:94   ==full==> ProviderInstanceBinding{key=Key[type=org.matsim.api.core.v01.network.Network, annotation=[none]], source=org.matsim.api.core.v01.network.Network org.matsim.core.scenario.ScenarioByInstanceModule.provideNetwork(org.matsim.api.core.v01.Scenario), scope=Scopes.NO_SCOPE, provider=@Provides org.matsim.core.scenario.ScenarioByInstanceModule.provideNetwork(ScenarioByInstanceModule.java:60)}
2024-05-03T16:22:44,761  INFO Injector:96 
2024-05-03T16:22:44,761  INFO Injector:85 org.matsim.api.core.v01.population.Population 
2024-05-03T16:22:44,761  INFO Injector:86   --> provider: @Provides org.matsim.core.scenario.ScenarioByInstanceModule.providePopulation(ScenarioByInstanceModule.java:64)
2024-05-03T16:22:44,761  INFO Injector:87   --> source: org.matsim.api.core.v01.population.Population org.matsim.core.scenario.ScenarioByInstanceModule.providePopulation(org.matsim.api.core.v01.Scenario)
2024-05-03T16:22:44,762  INFO Injector:89   --> scope: Scopes.NO_SCOPE
2024-05-03T16:22:44,762  INFO Injector:94   ==full==> ProviderInstanceBinding{key=Key[type=org.matsim.api.core.v01.population.Population, annotation=[none]], source=org.matsim.api.core.v01.population.Population org.matsim.core.scenario.ScenarioByInstanceModule.providePopulation(org.matsim.api.core.v01.Scenario), scope=Scopes.NO_SCOPE, provider=@Provides org.matsim.core.scenario.ScenarioByInstanceModule.providePopulation(ScenarioByInstanceModule.java:64)}
2024-05-03T16:22:44,762  INFO Injector:96 
2024-05-03T16:22:44,762  INFO Injector:85 org.matsim.api.core.v01.population.PopulationFactory 
2024-05-03T16:22:44,762  INFO Injector:86   --> provider: @Provides org.matsim.core.scenario.ScenarioByInstanceModule.providePopulationFactory(ScenarioByInstanceModule.java:68)
2024-05-03T16:22:44,762  INFO Injector:87   --> source: org.matsim.api.core.v01.population.PopulationFactory org.matsim.core.scenario.ScenarioByInstanceModule.providePopulationFactory(org.matsim.api.core.v01.population.Population)
2024-05-03T16:22:44,762  INFO Injector:89   --> scope: Scopes.NO_SCOPE
2024-05-03T16:22:44,762  INFO Injector:94   ==full==> ProviderInstanceBinding{key=Key[type=org.matsim.api.core.v01.population.PopulationFactory, annotation=[none]], source=org.matsim.api.core.v01.population.PopulationFactory org.matsim.core.scenario.ScenarioByInstanceModule.providePopulationFactory(org.matsim.api.core.v01.population.Population), scope=Scopes.NO_SCOPE, provider=@Provides org.matsim.core.scenario.ScenarioByInstanceModule.providePopulationFactory(ScenarioByInstanceModule.java:68)}
2024-05-03T16:22:44,762  INFO Injector:96 
2024-05-03T16:22:44,762  INFO Injector:85 org.matsim.vehicles.Vehicles 
2024-05-03T16:22:44,762  INFO Injector:86   --> provider: @Provides org.matsim.core.scenario.ScenarioByInstanceModule.provideVehicles(ScenarioByInstanceModule.java:82)
2024-05-03T16:22:44,762  INFO Injector:87   --> source: org.matsim.vehicles.Vehicles org.matsim.core.scenario.ScenarioByInstanceModule.provideVehicles(org.matsim.api.core.v01.Scenario)
2024-05-03T16:22:44,762  INFO Injector:89   --> scope: Scopes.NO_SCOPE
2024-05-03T16:22:44,764  INFO Injector:94   ==full==> ProviderInstanceBinding{key=Key[type=org.matsim.vehicles.Vehicles, annotation=[none]], source=org.matsim.vehicles.Vehicles org.matsim.core.scenario.ScenarioByInstanceModule.provideVehicles(org.matsim.api.core.v01.Scenario), scope=Scopes.NO_SCOPE, provider=@Provides org.matsim.core.scenario.ScenarioByInstanceModule.provideVehicles(ScenarioByInstanceModule.java:82)}
2024-05-03T16:22:44,764  INFO Injector:96 
2024-05-03T16:22:44,764  INFO Injector:85 org.matsim.core.controler.ControlerI 
2024-05-03T16:22:44,764  INFO Injector:86   --> provider: FactoryProxy{key=Key[type=org.matsim.core.controler.ControlerI, annotation=[none]], provider=com.google.inject.internal.ConstructorBindingImpl$Factory@634ff56}[Scopes.SINGLETON]
2024-05-03T16:22:44,764  INFO Injector:87   --> source: org.matsim.core.controler.NewControlerModule.install(NewControlerModule.java:29)
2024-05-03T16:22:44,764  INFO Injector:89   --> scope: eager singleton
2024-05-03T16:22:44,764  INFO Injector:92   --> target: Key[type=org.matsim.core.controler.NewControler, annotation=[none]]
2024-05-03T16:22:44,765  INFO Injector:94   ==full==> LinkedKeyBinding{key=Key[type=org.matsim.core.controler.ControlerI, annotation=[none]], source=org.matsim.core.controler.NewControlerModule.install(NewControlerModule.java:29), scope=eager singleton, target=Key[type=org.matsim.core.controler.NewControler, annotation=[none]]}
2024-05-03T16:22:44,765  INFO Injector:96 
2024-05-03T16:22:44,765  INFO Injector:85 org.matsim.core.controler.ControlerListenerManager 
2024-05-03T16:22:44,765  INFO Injector:86   --> provider: FactoryProxy{key=Key[type=org.matsim.core.controler.ControlerListenerManager, annotation=[none]], provider=com.google.inject.internal.ConstructorBindingImpl$Factory@66522ead[Scopes.SINGLETON]}
2024-05-03T16:22:44,765  INFO Injector:87   --> source: org.matsim.core.controler.NewControlerModule.install(NewControlerModule.java:31)
2024-05-03T16:22:44,765  INFO Injector:89   --> scope: Scopes.NO_SCOPE
2024-05-03T16:22:44,765  INFO Injector:92   --> target: Key[type=org.matsim.core.controler.ControlerListenerManagerImpl, annotation=[none]]
2024-05-03T16:22:44,765  INFO Injector:94   ==full==> LinkedKeyBinding{key=Key[type=org.matsim.core.controler.ControlerListenerManager, annotation=[none]], source=org.matsim.core.controler.NewControlerModule.install(NewControlerModule.java:31), scope=Scopes.NO_SCOPE, target=Key[type=org.matsim.core.controler.ControlerListenerManagerImpl, annotation=[none]]}
2024-05-03T16:22:44,765  INFO Injector:96 
2024-05-03T16:22:44,766  INFO Injector:85 org.matsim.core.controler.TerminationCriterion 
2024-05-03T16:22:44,766  INFO Injector:86   --> provider: FactoryProxy{key=Key[type=org.matsim.core.controler.TerminationCriterion, annotation=[none]], provider=com.google.inject.internal.ConstructorBindingImpl$Factory@5a484ce1}
2024-05-03T16:22:44,766  INFO Injector:87   --> source: org.matsim.core.controler.NewControlerModule.install(NewControlerModule.java:35)
2024-05-03T16:22:44,766  INFO Injector:89   --> scope: Scopes.NO_SCOPE
2024-05-03T16:22:44,766  INFO Injector:92   --> target: Key[type=org.matsim.core.controler.TerminateAtFixedIterationNumber, annotation=[none]]
2024-05-03T16:22:44,766  INFO Injector:94   ==full==> LinkedKeyBinding{key=Key[type=org.matsim.core.controler.TerminationCriterion, annotation=[none]], source=org.matsim.core.controler.NewControlerModule.install(NewControlerModule.java:35), scope=Scopes.NO_SCOPE, target=Key[type=org.matsim.core.controler.TerminateAtFixedIterationNumber, annotation=[none]]}
2024-05-03T16:22:44,766  INFO Injector:96 
2024-05-03T16:22:44,766  INFO Injector:85 org.matsim.core.controler.MatsimServices 
2024-05-03T16:22:44,766  INFO Injector:86   --> provider: FactoryProxy{key=Key[type=org.matsim.core.controler.MatsimServices, annotation=[none]], provider=com.google.inject.internal.ConstructorBindingImpl$Factory@e91b4f4}
2024-05-03T16:22:44,766  INFO Injector:87   --> source: org.matsim.core.controler.NewControlerModule.install(NewControlerModule.java:36)
2024-05-03T16:22:44,767  INFO Injector:89   --> scope: Scopes.NO_SCOPE
2024-05-03T16:22:44,767  INFO Injector:92   --> target: Key[type=org.matsim.core.controler.MatsimServicesImpl, annotation=[none]]
2024-05-03T16:22:44,767  INFO Injector:94   ==full==> LinkedKeyBinding{key=Key[type=org.matsim.core.controler.MatsimServices, annotation=[none]], source=org.matsim.core.controler.NewControlerModule.install(NewControlerModule.java:36), scope=Scopes.NO_SCOPE, target=Key[type=org.matsim.core.controler.MatsimServicesImpl, annotation=[none]]}
2024-05-03T16:22:44,767  INFO Injector:96 
2024-05-03T16:22:44,767  INFO Injector:85 org.matsim.core.controler.IterationCounter 
2024-05-03T16:22:44,767  INFO Injector:86   --> provider: FactoryProxy{key=Key[type=org.matsim.core.controler.IterationCounter, annotation=[none]], provider=com.google.inject.internal.ConstructorBindingImpl$Factory@e91b4f4}
2024-05-03T16:22:44,767  INFO Injector:87   --> source: org.matsim.core.controler.NewControlerModule.install(NewControlerModule.java:38)
2024-05-03T16:22:44,767  INFO Injector:89   --> scope: Scopes.NO_SCOPE
2024-05-03T16:22:44,767  INFO Injector:92   --> target: Key[type=org.matsim.core.controler.MatsimServicesImpl, annotation=[none]]
2024-05-03T16:22:44,767  INFO Injector:94   ==full==> LinkedKeyBinding{key=Key[type=org.matsim.core.controler.IterationCounter, annotation=[none]], source=org.matsim.core.controler.NewControlerModule.install(NewControlerModule.java:38), scope=Scopes.NO_SCOPE, target=Key[type=org.matsim.core.controler.MatsimServicesImpl, annotation=[none]]}
2024-05-03T16:22:44,767  INFO Injector:96 
2024-05-03T16:22:44,767  INFO Injector:85 org.matsim.core.controler.PrepareForSim 
2024-05-03T16:22:44,767  INFO Injector:86   --> provider: FactoryProxy{key=Key[type=org.matsim.core.controler.PrepareForSim, annotation=[none]], provider=com.google.inject.internal.ConstructorBindingImpl$Factory@2ffe243f}
2024-05-03T16:22:44,767  INFO Injector:87   --> source: org.matsim.core.controler.NewControlerModule.install(NewControlerModule.java:42)
2024-05-03T16:22:44,767  INFO Injector:89   --> scope: Scopes.NO_SCOPE
2024-05-03T16:22:44,767  INFO Injector:92   --> target: Key[type=org.matsim.core.controler.PrepareForSimImpl, annotation=[none]]
2024-05-03T16:22:44,767  INFO Injector:94   ==full==> LinkedKeyBinding{key=Key[type=org.matsim.core.controler.PrepareForSim, annotation=[none]], source=org.matsim.core.controler.NewControlerModule.install(NewControlerModule.java:42), scope=Scopes.NO_SCOPE, target=Key[type=org.matsim.core.controler.PrepareForSimImpl, annotation=[none]]}
2024-05-03T16:22:44,768  INFO Injector:96 
2024-05-03T16:22:44,768  INFO Injector:85 org.matsim.core.controler.PrepareForMobsim 
2024-05-03T16:22:44,768  INFO Injector:86   --> provider: FactoryProxy{key=Key[type=org.matsim.core.controler.PrepareForMobsim, annotation=[none]], provider=com.google.inject.internal.ConstructorBindingImpl$Factory@58ae402b}
2024-05-03T16:22:44,768  INFO Injector:87   --> source: org.matsim.core.controler.NewControlerModule.install(NewControlerModule.java:43)
2024-05-03T16:22:44,768  INFO Injector:89   --> scope: Scopes.NO_SCOPE
2024-05-03T16:22:44,768  INFO Injector:92   --> target: Key[type=org.matsim.core.controler.PrepareForMobsimImpl, annotation=[none]]
2024-05-03T16:22:44,768  INFO Injector:94   ==full==> LinkedKeyBinding{key=Key[type=org.matsim.core.controler.PrepareForMobsim, annotation=[none]], source=org.matsim.core.controler.NewControlerModule.install(NewControlerModule.java:43), scope=Scopes.NO_SCOPE, target=Key[type=org.matsim.core.controler.PrepareForMobsimImpl, annotation=[none]]}
2024-05-03T16:22:44,768  INFO Injector:96 
2024-05-03T16:22:44,768  INFO Injector:85 org.matsim.core.controler.corelisteners.PlansScoring 
2024-05-03T16:22:44,769  INFO Injector:86   --> provider: FactoryProxy{key=Key[type=org.matsim.core.controler.corelisteners.PlansScoring, annotation=[none]], provider=com.google.inject.internal.ConstructorBindingImpl$Factory@4099209b[Scopes.SINGLETON]}
2024-05-03T16:22:44,769  INFO Injector:87   --> source: org.matsim.core.scoring.PlansScoringModule.install(PlansScoringModule.java:33)
2024-05-03T16:22:44,769  INFO Injector:89   --> scope: Scopes.NO_SCOPE
2024-05-03T16:22:44,769  INFO Injector:92   --> target: Key[type=org.matsim.core.scoring.PlansScoringImpl, annotation=[none]]
2024-05-03T16:22:44,769  INFO Injector:94   ==full==> LinkedKeyBinding{key=Key[type=org.matsim.core.controler.corelisteners.PlansScoring, annotation=[none]], source=org.matsim.core.scoring.PlansScoringModule.install(PlansScoringModule.java:33), scope=Scopes.NO_SCOPE, target=Key[type=org.matsim.core.scoring.PlansScoringImpl, annotation=[none]]}
2024-05-03T16:22:44,769  INFO Injector:96 
2024-05-03T16:22:44,769  INFO Injector:85 org.matsim.core.scoring.ExperiencedPlansService 
2024-05-03T16:22:44,769  INFO Injector:86   --> provider: FactoryProxy{key=Key[type=org.matsim.core.scoring.ExperiencedPlansService, annotation=[none]], provider=com.google.inject.internal.ConstructorBindingImpl$Factory@43ac0a68}[Scopes.SINGLETON]
2024-05-03T16:22:44,770  INFO Injector:87   --> source: org.matsim.core.scoring.PlansScoringModule.install(PlansScoringModule.java:34)
2024-05-03T16:22:44,770  INFO Injector:89   --> scope: eager singleton
2024-05-03T16:22:44,770  INFO Injector:92   --> target: Key[type=org.matsim.core.scoring.ExperiencedPlansServiceImpl, annotation=[none]]
2024-05-03T16:22:44,770  INFO Injector:94   ==full==> LinkedKeyBinding{key=Key[type=org.matsim.core.scoring.ExperiencedPlansService, annotation=[none]], source=org.matsim.core.scoring.PlansScoringModule.install(PlansScoringModule.java:34), scope=eager singleton, target=Key[type=org.matsim.core.scoring.ExperiencedPlansServiceImpl, annotation=[none]]}
2024-05-03T16:22:44,770  INFO Injector:96 
2024-05-03T16:22:44,770  INFO Injector:85 org.matsim.core.controler.corelisteners.PlansReplanning 
2024-05-03T16:22:44,770  INFO Injector:86   --> provider: FactoryProxy{key=Key[type=org.matsim.core.controler.corelisteners.PlansReplanning, annotation=[none]], provider=com.google.inject.internal.ConstructorBindingImpl$Factory@1dad01fe[Scopes.SINGLETON]}
2024-05-03T16:22:44,771  INFO Injector:87   --> source: org.matsim.core.controler.corelisteners.ControlerDefaultCoreListenersModule.install(ControlerDefaultCoreListenersModule.java:38)
2024-05-03T16:22:44,771  INFO Injector:89   --> scope: Scopes.NO_SCOPE
2024-05-03T16:22:44,771  INFO Injector:92   --> target: Key[type=org.matsim.core.controler.corelisteners.PlansReplanningImpl, annotation=[none]]
2024-05-03T16:22:44,771  INFO Injector:94   ==full==> LinkedKeyBinding{key=Key[type=org.matsim.core.controler.corelisteners.PlansReplanning, annotation=[none]], source=org.matsim.core.controler.corelisteners.ControlerDefaultCoreListenersModule.install(ControlerDefaultCoreListenersModule.java:38), scope=Scopes.NO_SCOPE, target=Key[type=org.matsim.core.controler.corelisteners.PlansReplanningImpl, annotation=[none]]}
2024-05-03T16:22:44,772  INFO Injector:96 
2024-05-03T16:22:44,772  INFO Injector:85 org.matsim.core.controler.corelisteners.PlansDumping 
2024-05-03T16:22:44,772  INFO Injector:86   --> provider: FactoryProxy{key=Key[type=org.matsim.core.controler.corelisteners.PlansDumping, annotation=[none]], provider=com.google.inject.internal.ConstructorBindingImpl$Factory@3728a578[Scopes.SINGLETON]}
2024-05-03T16:22:44,772  INFO Injector:87   --> source: org.matsim.core.controler.corelisteners.ControlerDefaultCoreListenersModule.install(ControlerDefaultCoreListenersModule.java:39)
2024-05-03T16:22:44,772  INFO Injector:89   --> scope: Scopes.NO_SCOPE
2024-05-03T16:22:44,772  INFO Injector:92   --> target: Key[type=org.matsim.core.controler.corelisteners.PlansDumpingImpl, annotation=[none]]
2024-05-03T16:22:44,772  INFO Injector:94   ==full==> LinkedKeyBinding{key=Key[type=org.matsim.core.controler.corelisteners.PlansDumping, annotation=[none]], source=org.matsim.core.controler.corelisteners.ControlerDefaultCoreListenersModule.install(ControlerDefaultCoreListenersModule.java:39), scope=Scopes.NO_SCOPE, target=Key[type=org.matsim.core.controler.corelisteners.PlansDumpingImpl, annotation=[none]]}
2024-05-03T16:22:44,772  INFO Injector:96 
2024-05-03T16:22:44,772  INFO Injector:85 org.matsim.core.controler.corelisteners.EventsHandling 
2024-05-03T16:22:44,774  INFO Injector:86   --> provider: FactoryProxy{key=Key[type=org.matsim.core.controler.corelisteners.EventsHandling, annotation=[none]], provider=com.google.inject.internal.ConstructorBindingImpl$Factory@3e3cd6fe[Scopes.SINGLETON]}
2024-05-03T16:22:44,774  INFO Injector:87   --> source: org.matsim.core.controler.corelisteners.ControlerDefaultCoreListenersModule.install(ControlerDefaultCoreListenersModule.java:40)
2024-05-03T16:22:44,774  INFO Injector:89   --> scope: Scopes.NO_SCOPE
2024-05-03T16:22:44,774  INFO Injector:92   --> target: Key[type=org.matsim.core.controler.corelisteners.EventsHandlingImpl, annotation=[none]]
2024-05-03T16:22:44,774  INFO Injector:94   ==full==> LinkedKeyBinding{key=Key[type=org.matsim.core.controler.corelisteners.EventsHandling, annotation=[none]], source=org.matsim.core.controler.corelisteners.ControlerDefaultCoreListenersModule.install(ControlerDefaultCoreListenersModule.java:40), scope=Scopes.NO_SCOPE, target=Key[type=org.matsim.core.controler.corelisteners.EventsHandlingImpl, annotation=[none]]}
2024-05-03T16:22:44,774  INFO Injector:96 
2024-05-03T16:22:44,774  INFO Injector:85 org.matsim.core.controler.corelisteners.DumpDataAtEnd 
2024-05-03T16:22:44,775  INFO Injector:86   --> provider: FactoryProxy{key=Key[type=org.matsim.core.controler.corelisteners.DumpDataAtEnd, annotation=[none]], provider=com.google.inject.internal.ConstructorBindingImpl$Factory@1de0641b[Scopes.SINGLETON]}
2024-05-03T16:22:44,775  INFO Injector:87   --> source: org.matsim.core.controler.corelisteners.ControlerDefaultCoreListenersModule.install(ControlerDefaultCoreListenersModule.java:41)
2024-05-03T16:22:44,775  INFO Injector:89   --> scope: Scopes.NO_SCOPE
2024-05-03T16:22:44,775  INFO Injector:92   --> target: Key[type=org.matsim.core.controler.corelisteners.DumpDataAtEndImpl, annotation=[none]]
2024-05-03T16:22:44,775  INFO Injector:94   ==full==> LinkedKeyBinding{key=Key[type=org.matsim.core.controler.corelisteners.DumpDataAtEnd, annotation=[none]], source=org.matsim.core.controler.corelisteners.ControlerDefaultCoreListenersModule.install(ControlerDefaultCoreListenersModule.java:41), scope=Scopes.NO_SCOPE, target=Key[type=org.matsim.core.controler.corelisteners.DumpDataAtEndImpl, annotation=[none]]}
2024-05-03T16:22:44,775  INFO Injector:96 
2024-05-03T16:22:44,775  INFO Injector:85 org.matsim.core.api.experimental.events.EventsManager 
2024-05-03T16:22:44,775  INFO Injector:86   --> provider: FactoryProxy{key=Key[type=org.matsim.core.api.experimental.events.EventsManager, annotation=[none]], provider=com.google.inject.internal.ConstructorBindingImpl$Factory@68b734a8}[Scopes.SINGLETON]
2024-05-03T16:22:44,775  INFO Injector:87   --> source: org.matsim.core.events.EventsManagerModule.install(EventsManagerModule.java:46)
2024-05-03T16:22:44,776  INFO Injector:89   --> scope: Scopes.SINGLETON
2024-05-03T16:22:44,776  INFO Injector:92   --> target: Key[type=org.matsim.core.events.SimStepParallelEventsManagerImpl, annotation=[none]]
2024-05-03T16:22:44,776  INFO Injector:94   ==full==> LinkedKeyBinding{key=Key[type=org.matsim.core.api.experimental.events.EventsManager, annotation=[none]], source=org.matsim.core.events.EventsManagerModule.install(EventsManagerModule.java:46), scope=Scopes.SINGLETON, target=Key[type=org.matsim.core.events.SimStepParallelEventsManagerImpl, annotation=[none]]}
2024-05-03T16:22:44,776  INFO Injector:96 
2024-05-03T16:22:44,776  INFO Injector:85 org.matsim.core.mobsim.qsim.components.QSimComponentsConfig 
2024-05-03T16:22:44,777  INFO Injector:86   --> provider: @Provides org.matsim.core.mobsim.qsim.components.QSimComponentsModule.provideDefaultQSimComponentsConfig(QSimComponentsModule.java:34)[Scopes.SINGLETON]
2024-05-03T16:22:44,777  INFO Injector:87   --> source: public org.matsim.core.mobsim.qsim.components.QSimComponentsConfig org.matsim.core.mobsim.qsim.components.QSimComponentsModule.provideDefaultQSimComponentsConfig(org.matsim.core.config.Config)
2024-05-03T16:22:44,777  INFO Injector:89   --> scope: Scopes.SINGLETON
2024-05-03T16:22:44,777  INFO Injector:94   ==full==> ProviderInstanceBinding{key=Key[type=org.matsim.core.mobsim.qsim.components.QSimComponentsConfig, annotation=[none]], source=public org.matsim.core.mobsim.qsim.components.QSimComponentsConfig org.matsim.core.mobsim.qsim.components.QSimComponentsModule.provideDefaultQSimComponentsConfig(org.matsim.core.config.Config), scope=Scopes.SINGLETON, provider=@Provides org.matsim.core.mobsim.qsim.components.QSimComponentsModule.provideDefaultQSimComponentsConfig(QSimComponentsModule.java:34)}
2024-05-03T16:22:44,777  INFO Injector:96 
2024-05-03T16:22:44,778  INFO Injector:85 org.matsim.core.mobsim.qsim.AbstractQSimModule @com.google.inject.internal.Element(setName=,uniqueId=74, type=MULTIBINDER, keyType=)
2024-05-03T16:22:44,778  INFO Injector:86   --> provider: ConstantFactory{value=org.matsim.core.mobsim.qsim.messagequeueengine.MessageQueueModule@1ddc6db2}[Scopes.SINGLETON]
2024-05-03T16:22:44,778  INFO Injector:87   --> source: org.matsim.core.mobsim.qsim.QSimModule.lambda$install$0(QSimModule.java:96)
2024-05-03T16:22:44,778  INFO Injector:89   --> scope: eager singleton
2024-05-03T16:22:44,778  INFO Injector:94   ==full==> InstanceBinding{key=Key[type=org.matsim.core.mobsim.qsim.AbstractQSimModule, annotation=@com.google.inject.internal.Element(setName=,uniqueId=74, type=MULTIBINDER, keyType=)], source=org.matsim.core.mobsim.qsim.QSimModule.lambda$install$0(QSimModule.java:96), instance=org.matsim.core.mobsim.qsim.messagequeueengine.MessageQueueModule@1ddc6db2}
2024-05-03T16:22:44,778  INFO Injector:96 
2024-05-03T16:22:44,778  INFO Injector:85 org.matsim.core.mobsim.qsim.AbstractQSimModule @com.google.inject.internal.Element(setName=,uniqueId=75, type=MULTIBINDER, keyType=)
2024-05-03T16:22:44,778  INFO Injector:86   --> provider: ConstantFactory{value=org.matsim.core.mobsim.qsim.ActivityEngineModule@3cd26422}[Scopes.SINGLETON]
2024-05-03T16:22:44,778  INFO Injector:87   --> source: org.matsim.core.mobsim.qsim.QSimModule.lambda$install$0(QSimModule.java:96)
2024-05-03T16:22:44,778  INFO Injector:89   --> scope: eager singleton
2024-05-03T16:22:44,779  INFO Injector:94   ==full==> InstanceBinding{key=Key[type=org.matsim.core.mobsim.qsim.AbstractQSimModule, annotation=@com.google.inject.internal.Element(setName=,uniqueId=75, type=MULTIBINDER, keyType=)], source=org.matsim.core.mobsim.qsim.QSimModule.lambda$install$0(QSimModule.java:96), instance=org.matsim.core.mobsim.qsim.ActivityEngineModule@3cd26422}
2024-05-03T16:22:44,779  INFO Injector:96 
2024-05-03T16:22:44,779  INFO Injector:85 org.matsim.core.mobsim.qsim.AbstractQSimModule @com.google.inject.internal.Element(setName=,uniqueId=76, type=MULTIBINDER, keyType=)
2024-05-03T16:22:44,779  INFO Injector:86   --> provider: ConstantFactory{value=org.matsim.core.mobsim.qsim.qnetsimengine.QNetsimEngineModule@2eda072}[Scopes.SINGLETON]
2024-05-03T16:22:44,779  INFO Injector:87   --> source: org.matsim.core.mobsim.qsim.QSimModule.lambda$install$0(QSimModule.java:96)
2024-05-03T16:22:44,779  INFO Injector:89   --> scope: eager singleton
2024-05-03T16:22:44,780  INFO Injector:94   ==full==> InstanceBinding{key=Key[type=org.matsim.core.mobsim.qsim.AbstractQSimModule, annotation=@com.google.inject.internal.Element(setName=,uniqueId=76, type=MULTIBINDER, keyType=)], source=org.matsim.core.mobsim.qsim.QSimModule.lambda$install$0(QSimModule.java:96), instance=org.matsim.core.mobsim.qsim.qnetsimengine.QNetsimEngineModule@2eda072}
2024-05-03T16:22:44,780  INFO Injector:96 
2024-05-03T16:22:44,780  INFO Injector:85 org.matsim.core.mobsim.qsim.AbstractQSimModule @com.google.inject.internal.Element(setName=,uniqueId=77, type=MULTIBINDER, keyType=)
2024-05-03T16:22:44,780  INFO Injector:86   --> provider: ConstantFactory{value=org.matsim.core.mobsim.qsim.TeleportationModule@3fa21d49}[Scopes.SINGLETON]
2024-05-03T16:22:44,780  INFO Injector:87   --> source: org.matsim.core.mobsim.qsim.QSimModule.lambda$install$0(QSimModule.java:96)
2024-05-03T16:22:44,780  INFO Injector:89   --> scope: eager singleton
2024-05-03T16:22:44,780  INFO Injector:94   ==full==> InstanceBinding{key=Key[type=org.matsim.core.mobsim.qsim.AbstractQSimModule, annotation=@com.google.inject.internal.Element(setName=,uniqueId=77, type=MULTIBINDER, keyType=)], source=org.matsim.core.mobsim.qsim.QSimModule.lambda$install$0(QSimModule.java:96), instance=org.matsim.core.mobsim.qsim.TeleportationModule@3fa21d49}
2024-05-03T16:22:44,780  INFO Injector:96 
2024-05-03T16:22:44,781  INFO Injector:85 org.matsim.core.mobsim.qsim.AbstractQSimModule @com.google.inject.internal.Element(setName=,uniqueId=78, type=MULTIBINDER, keyType=)
2024-05-03T16:22:44,781  INFO Injector:86   --> provider: ConstantFactory{value=org.matsim.core.mobsim.qsim.PopulationModule@416d56f2}[Scopes.SINGLETON]
2024-05-03T16:22:44,781  INFO Injector:87   --> source: org.matsim.core.mobsim.qsim.QSimModule.lambda$install$0(QSimModule.java:96)
2024-05-03T16:22:44,781  INFO Injector:89   --> scope: eager singleton
2024-05-03T16:22:44,781  INFO Injector:94   ==full==> InstanceBinding{key=Key[type=org.matsim.core.mobsim.qsim.AbstractQSimModule, annotation=@com.google.inject.internal.Element(setName=,uniqueId=78, type=MULTIBINDER, keyType=)], source=org.matsim.core.mobsim.qsim.QSimModule.lambda$install$0(QSimModule.java:96), instance=org.matsim.core.mobsim.qsim.PopulationModule@416d56f2}
2024-05-03T16:22:44,781  INFO Injector:96 
2024-05-03T16:22:44,781  INFO Injector:85 org.matsim.core.mobsim.qsim.AbstractQSimModule @com.google.inject.internal.Element(setName=,uniqueId=79, type=MULTIBINDER, keyType=)
2024-05-03T16:22:44,782  INFO Injector:86   --> provider: ConstantFactory{value=org.matsim.core.mobsim.qsim.changeeventsengine.NetworkChangeEventsModule@6e31d989}[Scopes.SINGLETON]
2024-05-03T16:22:44,782  INFO Injector:87   --> source: org.matsim.core.mobsim.qsim.QSimModule.lambda$install$0(QSimModule.java:96)
2024-05-03T16:22:44,782  INFO Injector:89   --> scope: eager singleton
2024-05-03T16:22:44,782  INFO Injector:94   ==full==> InstanceBinding{key=Key[type=org.matsim.core.mobsim.qsim.AbstractQSimModule, annotation=@com.google.inject.internal.Element(setName=,uniqueId=79, type=MULTIBINDER, keyType=)], source=org.matsim.core.mobsim.qsim.QSimModule.lambda$install$0(QSimModule.java:96), instance=org.matsim.core.mobsim.qsim.changeeventsengine.NetworkChangeEventsModule@6e31d989}
2024-05-03T16:22:44,782  INFO Injector:96 
2024-05-03T16:22:44,782  INFO Injector:85 org.matsim.core.mobsim.qsim.AbstractQSimModule @com.google.inject.internal.Element(setName=,uniqueId=80, type=MULTIBINDER, keyType=)
2024-05-03T16:22:44,782  INFO Injector:86   --> provider: ConstantFactory{value=org.matsim.core.mobsim.qsim.pt.TransitEngineModule@1b01a0d}[Scopes.SINGLETON]
2024-05-03T16:22:44,782  INFO Injector:87   --> source: org.matsim.core.mobsim.qsim.QSimModule.lambda$install$0(QSimModule.java:96)
2024-05-03T16:22:44,783  INFO Injector:89   --> scope: eager singleton
2024-05-03T16:22:44,783  INFO Injector:94   ==full==> InstanceBinding{key=Key[type=org.matsim.core.mobsim.qsim.AbstractQSimModule, annotation=@com.google.inject.internal.Element(setName=,uniqueId=80, type=MULTIBINDER, keyType=)], source=org.matsim.core.mobsim.qsim.QSimModule.lambda$install$0(QSimModule.java:96), instance=org.matsim.core.mobsim.qsim.pt.TransitEngineModule@1b01a0d}
2024-05-03T16:22:44,783  INFO Injector:96 
2024-05-03T16:22:44,783  INFO Injector:85 org.matsim.core.mobsim.framework.Mobsim 
2024-05-03T16:22:44,783  INFO Injector:86   --> provider: Key[type=org.matsim.core.mobsim.qsim.QSimProvider, annotation=[none]]
2024-05-03T16:22:44,783  INFO Injector:87   --> source: org.matsim.core.mobsim.qsim.QSimModule.install(QSimModule.java:112)
2024-05-03T16:22:44,783  INFO Injector:89   --> scope: Scopes.NO_SCOPE
2024-05-03T16:22:44,783  INFO Injector:94   ==full==> ProviderKeyBinding{key=Key[type=org.matsim.core.mobsim.framework.Mobsim, annotation=[none]], source=org.matsim.core.mobsim.qsim.QSimModule.install(QSimModule.java:112), scope=Scopes.NO_SCOPE, provider=Key[type=org.matsim.core.mobsim.qsim.QSimProvider, annotation=[none]]}
2024-05-03T16:22:44,783  INFO Injector:96 
2024-05-03T16:22:44,783  INFO Injector:85 org.matsim.core.controler.listener.ControlerListener @com.google.inject.internal.Element(setName=,uniqueId=81, type=MULTIBINDER, keyType=)
2024-05-03T16:22:44,784  INFO Injector:86   --> provider: FactoryProxy{key=Key[type=org.matsim.core.controler.listener.ControlerListener, annotation=@com.google.inject.internal.Element(setName=,uniqueId=81, type=MULTIBINDER, keyType=)], provider=com.google.inject.internal.ConstructorBindingImpl$Factory@5ccb85d6[Scopes.SINGLETON]}
2024-05-03T16:22:44,784  INFO Injector:87   --> source: org.matsim.core.events.MobsimScopeEventHandlingModule.install(MobsimScopeEventHandlingModule.java:39)
2024-05-03T16:22:44,785  INFO Injector:89   --> scope: Scopes.NO_SCOPE
2024-05-03T16:22:44,785  INFO Injector:92   --> target: Key[type=org.matsim.core.events.MobsimScopeEventHandling, annotation=[none]]
2024-05-03T16:22:44,785  INFO Injector:94   ==full==> LinkedKeyBinding{key=Key[type=org.matsim.core.controler.listener.ControlerListener, annotation=@com.google.inject.internal.Element(setName=,uniqueId=81, type=MULTIBINDER, keyType=)], source=org.matsim.core.events.MobsimScopeEventHandlingModule.install(MobsimScopeEventHandlingModule.java:39), scope=Scopes.NO_SCOPE, target=Key[type=org.matsim.core.events.MobsimScopeEventHandling, annotation=[none]]}
2024-05-03T16:22:44,785  INFO Injector:96 
2024-05-03T16:22:44,785  INFO Injector:85 org.matsim.core.mobsim.qsim.AbstractQSimModule @com.google.inject.internal.Element(setName=,uniqueId=82, type=MULTIBINDER, keyType=)
2024-05-03T16:22:44,785  INFO Injector:86   --> provider: ConstantFactory{value=org.matsim.core.events.MobsimScopeEventHandlingModule$1@2ed71727}[Scopes.SINGLETON]
2024-05-03T16:22:44,785  INFO Injector:87   --> source: org.matsim.core.events.MobsimScopeEventHandlingModule.install(MobsimScopeEventHandlingModule.java:41)
2024-05-03T16:22:44,785  INFO Injector:89   --> scope: eager singleton
2024-05-03T16:22:44,786  INFO Injector:94   ==full==> InstanceBinding{key=Key[type=org.matsim.core.mobsim.qsim.AbstractQSimModule, annotation=@com.google.inject.internal.Element(setName=,uniqueId=82, type=MULTIBINDER, keyType=)], source=org.matsim.core.events.MobsimScopeEventHandlingModule.install(MobsimScopeEventHandlingModule.java:41), instance=org.matsim.core.events.MobsimScopeEventHandlingModule$1@2ed71727}
2024-05-03T16:22:44,786  INFO Injector:96 
2024-05-03T16:22:44,786  INFO Injector:85 org.matsim.core.trafficmonitoring.TravelTimeCalculator @com.google.inject.name.Named("car")
2024-05-03T16:22:44,786  INFO Injector:86   --> provider: org.matsim.core.trafficmonitoring.TravelTimeCalculatorModule$SingleModeTravelTimeCalculatorProvider@12a2585b[Scopes.SINGLETON]
2024-05-03T16:22:44,787  INFO Injector:87   --> source: org.matsim.core.trafficmonitoring.TravelTimeCalculatorModule.install(TravelTimeCalculatorModule.java:66)
2024-05-03T16:22:44,787  INFO Injector:89   --> scope: Scopes.SINGLETON
2024-05-03T16:22:44,787  INFO Injector:94   ==full==> ProviderInstanceBinding{key=Key[type=org.matsim.core.trafficmonitoring.TravelTimeCalculator, annotation=@com.google.inject.name.Named("car")], source=org.matsim.core.trafficmonitoring.TravelTimeCalculatorModule.install(TravelTimeCalculatorModule.java:66), scope=Scopes.SINGLETON, provider=org.matsim.core.trafficmonitoring.TravelTimeCalculatorModule$SingleModeTravelTimeCalculatorProvider@12a2585b}
2024-05-03T16:22:44,787  INFO Injector:96 
2024-05-03T16:22:44,787  INFO Injector:85 org.matsim.core.router.util.TravelTime @com.google.inject.name.Named("car")
2024-05-03T16:22:44,788  INFO Injector:86   --> provider: org.matsim.core.trafficmonitoring.TravelTimeCalculatorModule$1@1e692555[Scopes.SINGLETON]
2024-05-03T16:22:44,788  INFO Injector:87   --> source: org.matsim.core.trafficmonitoring.TravelTimeCalculatorModule.install(TravelTimeCalculatorModule.java:69)
2024-05-03T16:22:44,788  INFO Injector:89   --> scope: Scopes.SINGLETON
2024-05-03T16:22:44,788  INFO Injector:94   ==full==> ProviderInstanceBinding{key=Key[type=org.matsim.core.router.util.TravelTime, annotation=@com.google.inject.name.Named("car")], source=org.matsim.core.trafficmonitoring.TravelTimeCalculatorModule.install(TravelTimeCalculatorModule.java:69), scope=Scopes.SINGLETON, provider=org.matsim.core.trafficmonitoring.TravelTimeCalculatorModule$1@1e692555}
2024-05-03T16:22:44,788  INFO Injector:96 
2024-05-03T16:22:44,789  INFO Injector:85 org.matsim.core.router.costcalculators.TravelDisutilityFactory @com.google.inject.name.Named("car")
2024-05-03T16:22:44,789  INFO Injector:86   --> provider: ConstantFactory{value=org.matsim.core.router.costcalculators.RandomizingTimeDistanceTravelDisutilityFactory@d88f893}[Scopes.SINGLETON]
2024-05-03T16:22:44,789  INFO Injector:87   --> source: org.matsim.core.router.costcalculators.TravelDisutilityModule.install(TravelDisutilityModule.java:37)
2024-05-03T16:22:44,789  INFO Injector:89   --> scope: eager singleton
2024-05-03T16:22:44,790  INFO Injector:94   ==full==> InstanceBinding{key=Key[type=org.matsim.core.router.costcalculators.TravelDisutilityFactory, annotation=@com.google.inject.name.Named("car")], source=org.matsim.core.router.costcalculators.TravelDisutilityModule.install(TravelDisutilityModule.java:37), instance=org.matsim.core.router.costcalculators.RandomizingTimeDistanceTravelDisutilityFactory@d88f893}
2024-05-03T16:22:44,790  INFO Injector:96 
2024-05-03T16:22:44,790  INFO Injector:85 org.matsim.core.scoring.ScoringFunctionFactory 
2024-05-03T16:22:44,790  INFO Injector:86   --> provider: FactoryProxy{key=Key[type=org.matsim.core.scoring.ScoringFunctionFactory, annotation=[none]], provider=com.google.inject.internal.ConstructorBindingImpl$Factory@259b85d6}
2024-05-03T16:22:44,790  INFO Injector:87   --> source: org.matsim.core.scoring.functions.CharyparNagelScoringFunctionModule.install(CharyparNagelScoringFunctionModule.java:37)
2024-05-03T16:22:44,790  INFO Injector:89   --> scope: Scopes.NO_SCOPE
2024-05-03T16:22:44,790  INFO Injector:92   --> target: Key[type=org.matsim.core.scoring.functions.CharyparNagelScoringFunctionFactory, annotation=[none]]
2024-05-03T16:22:44,790  INFO Injector:94   ==full==> LinkedKeyBinding{key=Key[type=org.matsim.core.scoring.ScoringFunctionFactory, annotation=[none]], source=org.matsim.core.scoring.functions.CharyparNagelScoringFunctionModule.install(CharyparNagelScoringFunctionModule.java:37), scope=Scopes.NO_SCOPE, target=Key[type=org.matsim.core.scoring.functions.CharyparNagelScoringFunctionFactory, annotation=[none]]}
2024-05-03T16:22:44,791  INFO Injector:96 
2024-05-03T16:22:44,791  INFO Injector:85 org.matsim.core.scoring.functions.ScoringParametersForPerson 
2024-05-03T16:22:44,791  INFO Injector:86   --> provider: FactoryProxy{key=Key[type=org.matsim.core.scoring.functions.ScoringParametersForPerson, annotation=[none]], provider=com.google.inject.internal.ConstructorBindingImpl$Factory@48eaf42f}
2024-05-03T16:22:44,791  INFO Injector:87   --> source: org.matsim.core.scoring.functions.CharyparNagelScoringFunctionModule.install(CharyparNagelScoringFunctionModule.java:38)
2024-05-03T16:22:44,791  INFO Injector:89   --> scope: Scopes.NO_SCOPE
2024-05-03T16:22:44,791  INFO Injector:92   --> target: Key[type=org.matsim.core.scoring.functions.SubpopulationScoringParameters, annotation=[none]]
2024-05-03T16:22:44,791  INFO Injector:94   ==full==> LinkedKeyBinding{key=Key[type=org.matsim.core.scoring.functions.ScoringParametersForPerson, annotation=[none]], source=org.matsim.core.scoring.functions.CharyparNagelScoringFunctionModule.install(CharyparNagelScoringFunctionModule.java:38), scope=Scopes.NO_SCOPE, target=Key[type=org.matsim.core.scoring.functions.SubpopulationScoringParameters, annotation=[none]]}
2024-05-03T16:22:44,791  INFO Injector:96 
2024-05-03T16:22:44,792  INFO Injector:85 org.matsim.core.router.MainModeIdentifier 
2024-05-03T16:22:44,792  INFO Injector:86   --> provider: FactoryProxy{key=Key[type=org.matsim.core.router.MainModeIdentifier, annotation=[none]], provider=com.google.inject.internal.ConstructorBindingImpl$Factory@488f3dd1}
2024-05-03T16:22:44,792  INFO Injector:87   --> source: org.matsim.core.router.TripRouterModule.install(TripRouterModule.java:42)
2024-05-03T16:22:44,792  INFO Injector:89   --> scope: Scopes.NO_SCOPE
2024-05-03T16:22:44,792  INFO Injector:92   --> target: Key[type=org.matsim.core.router.MainModeIdentifierImpl, annotation=[none]]
2024-05-03T16:22:44,792  INFO Injector:94   ==full==> LinkedKeyBinding{key=Key[type=org.matsim.core.router.MainModeIdentifier, annotation=[none]], source=org.matsim.core.router.TripRouterModule.install(TripRouterModule.java:42), scope=Scopes.NO_SCOPE, target=Key[type=org.matsim.core.router.MainModeIdentifierImpl, annotation=[none]]}
2024-05-03T16:22:44,792  INFO Injector:96 
2024-05-03T16:22:44,792  INFO Injector:85 org.matsim.core.router.AnalysisMainModeIdentifier 
2024-05-03T16:22:44,792  INFO Injector:86   --> provider: FactoryProxy{key=Key[type=org.matsim.core.router.AnalysisMainModeIdentifier, annotation=[none]], provider=com.google.inject.internal.ConstructorBindingImpl$Factory@2091833}
2024-05-03T16:22:44,792  INFO Injector:87   --> source: org.matsim.core.router.TripRouterModule.install(TripRouterModule.java:43)
2024-05-03T16:22:44,793  INFO Injector:89   --> scope: Scopes.NO_SCOPE
2024-05-03T16:22:44,793  INFO Injector:92   --> target: Key[type=org.matsim.core.router.RoutingModeMainModeIdentifier, annotation=[none]]
2024-05-03T16:22:44,793  INFO Injector:94   ==full==> LinkedKeyBinding{key=Key[type=org.matsim.core.router.AnalysisMainModeIdentifier, annotation=[none]], source=org.matsim.core.router.TripRouterModule.install(TripRouterModule.java:43), scope=Scopes.NO_SCOPE, target=Key[type=org.matsim.core.router.RoutingModeMainModeIdentifier, annotation=[none]]}
2024-05-03T16:22:44,793  INFO Injector:96 
2024-05-03T16:22:44,793  INFO Injector:85 org.matsim.core.router.MultimodalLinkChooser 
2024-05-03T16:22:44,793  INFO Injector:86   --> provider: FactoryProxy{key=Key[type=org.matsim.core.router.MultimodalLinkChooser, annotation=[none]], provider=com.google.inject.internal.ConstructorBindingImpl$Factory@7bc58891}
2024-05-03T16:22:44,793  INFO Injector:87   --> source: org.matsim.core.router.TripRouterModule.install(TripRouterModule.java:45)
2024-05-03T16:22:44,793  INFO Injector:89   --> scope: Scopes.NO_SCOPE
2024-05-03T16:22:44,793  INFO Injector:92   --> target: Key[type=org.matsim.core.router.MultimodalLinkChooserDefaultImpl, annotation=[none]]
2024-05-03T16:22:44,793  INFO Injector:94   ==full==> LinkedKeyBinding{key=Key[type=org.matsim.core.router.MultimodalLinkChooser, annotation=[none]], source=org.matsim.core.router.TripRouterModule.install(TripRouterModule.java:45), scope=Scopes.NO_SCOPE, target=Key[type=org.matsim.core.router.MultimodalLinkChooserDefaultImpl, annotation=[none]]}
2024-05-03T16:22:44,793  INFO Injector:96 
2024-05-03T16:22:44,793  INFO Injector:85 org.matsim.core.router.util.LeastCostPathCalculatorFactory 
2024-05-03T16:22:44,793  INFO Injector:86   --> provider: FactoryProxy{key=Key[type=org.matsim.core.router.util.LeastCostPathCalculatorFactory, annotation=[none]], provider=com.google.inject.internal.ConstructorBindingImpl$Factory@6411504a[Scopes.SINGLETON]}
2024-05-03T16:22:44,793  INFO Injector:87   --> source: org.matsim.core.router.LeastCostPathCalculatorModule.install(LeastCostPathCalculatorModule.java:43)
2024-05-03T16:22:44,793  INFO Injector:89   --> scope: Scopes.NO_SCOPE
2024-05-03T16:22:44,793  INFO Injector:92   --> target: Key[type=org.matsim.core.router.AStarLandmarksFactory, annotation=[none]]
2024-05-03T16:22:44,793  INFO Injector:94   ==full==> LinkedKeyBinding{key=Key[type=org.matsim.core.router.util.LeastCostPathCalculatorFactory, annotation=[none]], source=org.matsim.core.router.LeastCostPathCalculatorModule.install(LeastCostPathCalculatorModule.java:43), scope=Scopes.NO_SCOPE, target=Key[type=org.matsim.core.router.AStarLandmarksFactory, annotation=[none]]}
2024-05-03T16:22:44,794  INFO Injector:96 
2024-05-03T16:22:44,794  INFO Injector:85 org.matsim.core.router.RoutingModule @com.google.inject.name.Named("ride")
2024-05-03T16:22:44,794  INFO Injector:86   --> provider: org.matsim.core.router.FreespeedFactorRouting@3ba0ae41
2024-05-03T16:22:44,794  INFO Injector:87   --> source: org.matsim.core.router.TripRouterModule.install(TripRouterModule.java:57)
2024-05-03T16:22:44,794  INFO Injector:89   --> scope: Scopes.NO_SCOPE
2024-05-03T16:22:44,795  INFO Injector:94   ==full==> ProviderInstanceBinding{key=Key[type=org.matsim.core.router.RoutingModule, annotation=@com.google.inject.name.Named("ride")], source=org.matsim.core.router.TripRouterModule.install(TripRouterModule.java:57), scope=Scopes.NO_SCOPE, provider=org.matsim.core.router.FreespeedFactorRouting@3ba0ae41}
2024-05-03T16:22:44,795  INFO Injector:96 
2024-05-03T16:22:44,795  INFO Injector:85 org.matsim.core.router.RoutingModule @com.google.inject.name.Named("pt")
2024-05-03T16:22:44,796  INFO Injector:86   --> provider: org.matsim.core.router.FreespeedFactorRouting@76fe6cdc
2024-05-03T16:22:44,796  INFO Injector:87   --> source: org.matsim.core.router.TripRouterModule.install(TripRouterModule.java:57)
2024-05-03T16:22:44,796  INFO Injector:89   --> scope: Scopes.NO_SCOPE
2024-05-03T16:22:44,798  INFO Injector:94   ==full==> ProviderInstanceBinding{key=Key[type=org.matsim.core.router.RoutingModule, annotation=@com.google.inject.name.Named("pt")], source=org.matsim.core.router.TripRouterModule.install(TripRouterModule.java:57), scope=Scopes.NO_SCOPE, provider=org.matsim.core.router.FreespeedFactorRouting@76fe6cdc}
2024-05-03T16:22:44,799  INFO Injector:96 
2024-05-03T16:22:44,799  INFO Injector:85 org.matsim.core.router.RoutingModule @com.google.inject.name.Named("bike")
2024-05-03T16:22:44,800  INFO Injector:86   --> provider: org.matsim.core.router.BeelineTeleportationRouting@2ffb3aec
2024-05-03T16:22:44,800  INFO Injector:87   --> source: org.matsim.core.router.TripRouterModule.install(TripRouterModule.java:60)
2024-05-03T16:22:44,801  INFO Injector:89   --> scope: Scopes.NO_SCOPE
2024-05-03T16:22:44,801  INFO Injector:94   ==full==> ProviderInstanceBinding{key=Key[type=org.matsim.core.router.RoutingModule, annotation=@com.google.inject.name.Named("bike")], source=org.matsim.core.router.TripRouterModule.install(TripRouterModule.java:60), scope=Scopes.NO_SCOPE, provider=org.matsim.core.router.BeelineTeleportationRouting@2ffb3aec}
2024-05-03T16:22:44,801  INFO Injector:96 
2024-05-03T16:22:44,801  INFO Injector:85 org.matsim.core.router.RoutingModule @com.google.inject.name.Named("walk")
2024-05-03T16:22:44,802  INFO Injector:86   --> provider: org.matsim.core.router.BeelineTeleportationRouting@786ff1cb
2024-05-03T16:22:44,802  INFO Injector:87   --> source: org.matsim.core.router.TripRouterModule.install(TripRouterModule.java:60)
2024-05-03T16:22:44,802  INFO Injector:89   --> scope: Scopes.NO_SCOPE
2024-05-03T16:22:44,802  INFO Injector:94   ==full==> ProviderInstanceBinding{key=Key[type=org.matsim.core.router.RoutingModule, annotation=@com.google.inject.name.Named("walk")], source=org.matsim.core.router.TripRouterModule.install(TripRouterModule.java:60), scope=Scopes.NO_SCOPE, provider=org.matsim.core.router.BeelineTeleportationRouting@786ff1cb}
2024-05-03T16:22:44,802  INFO Injector:96 
2024-05-03T16:22:44,803  INFO Injector:85 org.matsim.core.router.RoutingModule @com.google.inject.name.Named("non_network_walk")
2024-05-03T16:22:44,804  INFO Injector:86   --> provider: org.matsim.core.router.BeelineTeleportationRouting@46039a21
2024-05-03T16:22:44,806  INFO Injector:87   --> source: org.matsim.core.router.TripRouterModule.install(TripRouterModule.java:60)
2024-05-03T16:22:44,807  INFO Injector:89   --> scope: Scopes.NO_SCOPE
2024-05-03T16:22:44,809  INFO Injector:94   ==full==> ProviderInstanceBinding{key=Key[type=org.matsim.core.router.RoutingModule, annotation=@com.google.inject.name.Named("non_network_walk")], source=org.matsim.core.router.TripRouterModule.install(TripRouterModule.java:60), scope=Scopes.NO_SCOPE, provider=org.matsim.core.router.BeelineTeleportationRouting@46039a21}
2024-05-03T16:22:44,810  INFO Injector:96 
2024-05-03T16:22:44,810  INFO Injector:85 org.matsim.core.router.RoutingModule @com.google.inject.name.Named("car")
2024-05-03T16:22:44,810  INFO Injector:86   --> provider: org.matsim.core.router.NetworkRoutingProvider@431e86b1
2024-05-03T16:22:44,810  INFO Injector:87   --> source: org.matsim.core.router.TripRouterModule.install(TripRouterModule.java:68)
2024-05-03T16:22:44,811  INFO Injector:89   --> scope: Scopes.NO_SCOPE
2024-05-03T16:22:44,811  INFO Injector:94   ==full==> ProviderInstanceBinding{key=Key[type=org.matsim.core.router.RoutingModule, annotation=@com.google.inject.name.Named("car")], source=org.matsim.core.router.TripRouterModule.install(TripRouterModule.java:68), scope=Scopes.NO_SCOPE, provider=org.matsim.core.router.NetworkRoutingProvider@431e86b1}
2024-05-03T16:22:44,811  INFO Injector:96 
2024-05-03T16:22:44,811  INFO Injector:85 org.matsim.core.router.FallbackRoutingModule 
2024-05-03T16:22:44,811  INFO Injector:86   --> provider: FactoryProxy{key=Key[type=org.matsim.core.router.FallbackRoutingModule, annotation=[none]], provider=com.google.inject.internal.ConstructorBindingImpl$Factory@554188ac}
2024-05-03T16:22:44,812  INFO Injector:87   --> source: org.matsim.core.router.TripRouterModule.install(TripRouterModule.java:80)
2024-05-03T16:22:44,812  INFO Injector:89   --> scope: Scopes.NO_SCOPE
2024-05-03T16:22:44,812  INFO Injector:92   --> target: Key[type=org.matsim.core.router.FallbackRoutingModuleDefaultImpl, annotation=[none]]
2024-05-03T16:22:44,812  INFO Injector:94   ==full==> LinkedKeyBinding{key=Key[type=org.matsim.core.router.FallbackRoutingModule, annotation=[none]], source=org.matsim.core.router.TripRouterModule.install(TripRouterModule.java:80), scope=Scopes.NO_SCOPE, target=Key[type=org.matsim.core.router.FallbackRoutingModuleDefaultImpl, annotation=[none]]}
2024-05-03T16:22:44,812  INFO Injector:96 
2024-05-03T16:22:44,813  INFO Injector:85 org.matsim.core.replanning.selectors.PlanSelector<org.matsim.api.core.v01.population.Plan, org.matsim.api.core.v01.population.Person> 
2024-05-03T16:22:44,813  INFO Injector:86   --> provider: FactoryProxy{key=Key[type=org.matsim.core.replanning.selectors.PlanSelector<org.matsim.api.core.v01.population.Plan, org.matsim.api.core.v01.population.Person>, annotation=[none]], provider=com.google.inject.internal.ConstructorBindingImpl$Factory@1f43cab7}
2024-05-03T16:22:44,813  INFO Injector:87   --> source: org.matsim.core.replanning.strategies.DefaultPlanStrategiesModule.install(DefaultPlanStrategiesModule.java:55)
2024-05-03T16:22:44,813  INFO Injector:89   --> scope: Scopes.NO_SCOPE
2024-05-03T16:22:44,813  INFO Injector:92   --> target: Key[type=org.matsim.core.replanning.selectors.WorstPlanForRemovalSelector, annotation=[none]]
2024-05-03T16:22:44,813  INFO Injector:94   ==full==> LinkedKeyBinding{key=Key[type=org.matsim.core.replanning.selectors.PlanSelector<org.matsim.api.core.v01.population.Plan, org.matsim.api.core.v01.population.Person>, annotation=[none]], source=org.matsim.core.replanning.strategies.DefaultPlanStrategiesModule.install(DefaultPlanStrategiesModule.java:55), scope=Scopes.NO_SCOPE, target=Key[type=org.matsim.core.replanning.selectors.WorstPlanForRemovalSelector, annotation=[none]]}
2024-05-03T16:22:44,813  INFO Injector:96 
2024-05-03T16:22:44,813  INFO Injector:85 org.matsim.core.replanning.PlanStrategy @com.google.inject.name.Named("BestScore")
2024-05-03T16:22:44,813  INFO Injector:86   --> provider: Key[type=org.matsim.core.replanning.strategies.SelectBest, annotation=[none]]
2024-05-03T16:22:44,814  INFO Injector:87   --> source: org.matsim.core.replanning.strategies.DefaultPlanStrategiesModule.install(DefaultPlanStrategiesModule.java:85)
2024-05-03T16:22:44,814  INFO Injector:89   --> scope: Scopes.NO_SCOPE
2024-05-03T16:22:44,814  INFO Injector:94   ==full==> ProviderKeyBinding{key=Key[type=org.matsim.core.replanning.PlanStrategy, annotation=@com.google.inject.name.Named("BestScore")], source=org.matsim.core.replanning.strategies.DefaultPlanStrategiesModule.install(DefaultPlanStrategiesModule.java:85), scope=Scopes.NO_SCOPE, provider=Key[type=org.matsim.core.replanning.strategies.SelectBest, annotation=[none]]}
2024-05-03T16:22:44,814  INFO Injector:96 
2024-05-03T16:22:44,814  INFO Injector:85 org.matsim.core.replanning.PlanStrategy @com.google.inject.name.Named("ReRoute")
2024-05-03T16:22:44,814  INFO Injector:86   --> provider: Key[type=org.matsim.core.replanning.strategies.ReRoute, annotation=[none]]
2024-05-03T16:22:44,815  INFO Injector:87   --> source: org.matsim.core.replanning.strategies.DefaultPlanStrategiesModule.install(DefaultPlanStrategiesModule.java:104)
2024-05-03T16:22:44,815  INFO Injector:89   --> scope: Scopes.NO_SCOPE
2024-05-03T16:22:44,815  INFO Injector:94   ==full==> ProviderKeyBinding{key=Key[type=org.matsim.core.replanning.PlanStrategy, annotation=@com.google.inject.name.Named("ReRoute")], source=org.matsim.core.replanning.strategies.DefaultPlanStrategiesModule.install(DefaultPlanStrategiesModule.java:104), scope=Scopes.NO_SCOPE, provider=Key[type=org.matsim.core.replanning.strategies.ReRoute, annotation=[none]]}
2024-05-03T16:22:44,815  INFO Injector:96 
2024-05-03T16:22:44,815  INFO Injector:85 org.matsim.core.replanning.choosers.StrategyChooser<org.matsim.api.core.v01.population.Plan, org.matsim.api.core.v01.population.Person> 
2024-05-03T16:22:44,816  INFO Injector:86   --> provider: FactoryProxy{key=Key[type=org.matsim.core.replanning.choosers.StrategyChooser<org.matsim.api.core.v01.population.Plan, org.matsim.api.core.v01.population.Person>, annotation=[none]], provider=com.google.inject.internal.ConstructorBindingImpl$Factory@481558ce}[Scopes.SINGLETON]
2024-05-03T16:22:44,816  INFO Injector:87   --> source: org.matsim.core.replanning.StrategyManagerModule.install(StrategyManagerModule.java:55)
2024-05-03T16:22:44,816  INFO Injector:89   --> scope: eager singleton
2024-05-03T16:22:44,816  INFO Injector:92   --> target: Key[type=org.matsim.core.replanning.choosers.WeightedStrategyChooser<org.matsim.api.core.v01.population.Plan, org.matsim.api.core.v01.population.Person>, annotation=[none]]
2024-05-03T16:22:44,816  INFO Injector:94   ==full==> LinkedKeyBinding{key=Key[type=org.matsim.core.replanning.choosers.StrategyChooser<org.matsim.api.core.v01.population.Plan, org.matsim.api.core.v01.population.Person>, annotation=[none]], source=org.matsim.core.replanning.StrategyManagerModule.install(StrategyManagerModule.java:55), scope=eager singleton, target=Key[type=org.matsim.core.replanning.choosers.WeightedStrategyChooser<org.matsim.api.core.v01.population.Plan, org.matsim.api.core.v01.population.Person>, annotation=[none]]}
2024-05-03T16:22:44,816  INFO Injector:96 
2024-05-03T16:22:44,816  INFO Injector:85 org.matsim.core.replanning.ReplanningContext 
2024-05-03T16:22:44,816  INFO Injector:86   --> provider: FactoryProxy{key=Key[type=org.matsim.core.replanning.ReplanningContext, annotation=[none]], provider=com.google.inject.internal.ConstructorBindingImpl$Factory@2668c286[Scopes.SINGLETON]}[Scopes.SINGLETON]
2024-05-03T16:22:44,817  INFO Injector:87   --> source: org.matsim.core.replanning.StrategyManagerModule.install(StrategyManagerModule.java:56)
2024-05-03T16:22:44,817  INFO Injector:89   --> scope: eager singleton
2024-05-03T16:22:44,817  INFO Injector:92   --> target: Key[type=org.matsim.core.replanning.ReplanningContextImpl, annotation=[none]]
2024-05-03T16:22:44,817  INFO Injector:94   ==full==> LinkedKeyBinding{key=Key[type=org.matsim.core.replanning.ReplanningContext, annotation=[none]], source=org.matsim.core.replanning.StrategyManagerModule.install(StrategyManagerModule.java:56), scope=eager singleton, target=Key[type=org.matsim.core.replanning.ReplanningContextImpl, annotation=[none]]}
2024-05-03T16:22:44,817  INFO Injector:96 
2024-05-03T16:22:44,817  INFO Injector:85 org.matsim.core.replanning.PlanStrategy @com.google.inject.internal.Element(setName=,uniqueId=83, type=MAPBINDER, keyType=org.matsim.core.config.groups.StrategyConfigGroup$StrategySettings)
2024-05-03T16:22:44,817  INFO Injector:86   --> provider: FactoryProxy{key=Key[type=org.matsim.core.replanning.PlanStrategy, annotation=@com.google.inject.internal.Element(setName=,uniqueId=83, type=MAPBINDER, keyType=org.matsim.core.config.groups.StrategyConfigGroup$StrategySettings)], provider=Key[type=org.matsim.core.replanning.strategies.SelectBest, annotation=[none]]}
2024-05-03T16:22:44,818  INFO Injector:87   --> source: org.matsim.core.replanning.StrategyManagerModule.install(StrategyManagerModule.java:91)
2024-05-03T16:22:44,818  INFO Injector:89   --> scope: Scopes.NO_SCOPE
2024-05-03T16:22:44,818  INFO Injector:92   --> target: Key[type=org.matsim.core.replanning.PlanStrategy, annotation=@com.google.inject.name.Named("BestScore")]
2024-05-03T16:22:44,818  INFO Injector:94   ==full==> LinkedKeyBinding{key=Key[type=org.matsim.core.replanning.PlanStrategy, annotation=@com.google.inject.internal.Element(setName=,uniqueId=83, type=MAPBINDER, keyType=org.matsim.core.config.groups.StrategyConfigGroup$StrategySettings)], source=org.matsim.core.replanning.StrategyManagerModule.install(StrategyManagerModule.java:91), scope=Scopes.NO_SCOPE, target=Key[type=org.matsim.core.replanning.PlanStrategy, annotation=@com.google.inject.name.Named("BestScore")]}
2024-05-03T16:22:44,818  INFO Injector:96 
2024-05-03T16:22:44,818  INFO Injector:85 org.matsim.core.replanning.PlanStrategy @com.google.inject.internal.Element(setName=,uniqueId=85, type=MAPBINDER, keyType=org.matsim.core.config.groups.StrategyConfigGroup$StrategySettings)
2024-05-03T16:22:44,818  INFO Injector:86   --> provider: FactoryProxy{key=Key[type=org.matsim.core.replanning.PlanStrategy, annotation=@com.google.inject.internal.Element(setName=,uniqueId=85, type=MAPBINDER, keyType=org.matsim.core.config.groups.StrategyConfigGroup$StrategySettings)], provider=Key[type=org.matsim.core.replanning.strategies.ReRoute, annotation=[none]]}
2024-05-03T16:22:44,819  INFO Injector:87   --> source: org.matsim.core.replanning.StrategyManagerModule.install(StrategyManagerModule.java:91)
2024-05-03T16:22:44,819  INFO Injector:89   --> scope: Scopes.NO_SCOPE
2024-05-03T16:22:44,819  INFO Injector:92   --> target: Key[type=org.matsim.core.replanning.PlanStrategy, annotation=@com.google.inject.name.Named("ReRoute")]
2024-05-03T16:22:44,819  INFO Injector:94   ==full==> LinkedKeyBinding{key=Key[type=org.matsim.core.replanning.PlanStrategy, annotation=@com.google.inject.internal.Element(setName=,uniqueId=85, type=MAPBINDER, keyType=org.matsim.core.config.groups.StrategyConfigGroup$StrategySettings)], source=org.matsim.core.replanning.StrategyManagerModule.install(StrategyManagerModule.java:91), scope=Scopes.NO_SCOPE, target=Key[type=org.matsim.core.replanning.PlanStrategy, annotation=@com.google.inject.name.Named("ReRoute")]}
2024-05-03T16:22:44,819  INFO Injector:96 
2024-05-03T16:22:44,819  INFO Injector:85 org.matsim.core.utils.timing.TimeInterpretation 
2024-05-03T16:22:44,821  INFO Injector:86   --> provider: @Provides org.matsim.core.utils.timing.TimeInterpretationModule.provideTimeInterpretation(TimeInterpretationModule.java:16)[Scopes.SINGLETON]
2024-05-03T16:22:44,822  INFO Injector:87   --> source: public org.matsim.core.utils.timing.TimeInterpretation org.matsim.core.utils.timing.TimeInterpretationModule.provideTimeInterpretation()
2024-05-03T16:22:44,822  INFO Injector:89   --> scope: Scopes.SINGLETON
2024-05-03T16:22:44,822  INFO Injector:94   ==full==> ProviderInstanceBinding{key=Key[type=org.matsim.core.utils.timing.TimeInterpretation, annotation=[none]], source=public org.matsim.core.utils.timing.TimeInterpretation org.matsim.core.utils.timing.TimeInterpretationModule.provideTimeInterpretation(), scope=Scopes.SINGLETON, provider=@Provides org.matsim.core.utils.timing.TimeInterpretationModule.provideTimeInterpretation(TimeInterpretationModule.java:16)}
2024-05-03T16:22:44,822  INFO Injector:96 
2024-05-03T16:22:44,822  INFO Injector:85 org.matsim.core.controler.listener.ControlerListener @com.google.inject.internal.Element(setName=,uniqueId=87, type=MULTIBINDER, keyType=)
2024-05-03T16:22:44,822  INFO Injector:86   --> provider: FactoryProxy{key=Key[type=org.matsim.core.controler.listener.ControlerListener, annotation=@com.google.inject.internal.Element(setName=,uniqueId=87, type=MULTIBINDER, keyType=)], provider=com.google.inject.internal.ConstructorBindingImpl$Factory@1c93b51e[Scopes.SINGLETON]}
2024-05-03T16:22:44,823  INFO Injector:87   --> source: org.matsim.analysis.LinkStatsModule.install(LinkStatsModule.java:47)
2024-05-03T16:22:44,823  INFO Injector:89   --> scope: Scopes.NO_SCOPE
2024-05-03T16:22:44,823  INFO Injector:92   --> target: Key[type=org.matsim.analysis.LinkStatsControlerListener, annotation=[none]]
2024-05-03T16:22:44,823  INFO Injector:94   ==full==> LinkedKeyBinding{key=Key[type=org.matsim.core.controler.listener.ControlerListener, annotation=@com.google.inject.internal.Element(setName=,uniqueId=87, type=MULTIBINDER, keyType=)], source=org.matsim.analysis.LinkStatsModule.install(LinkStatsModule.java:47), scope=Scopes.NO_SCOPE, target=Key[type=org.matsim.analysis.LinkStatsControlerListener, annotation=[none]]}
2024-05-03T16:22:44,823  INFO Injector:96 
2024-05-03T16:22:44,823  INFO Injector:85 org.matsim.core.controler.listener.ControlerListener @com.google.inject.internal.Element(setName=,uniqueId=88, type=MULTIBINDER, keyType=)
2024-05-03T16:22:44,823  INFO Injector:86   --> provider: FactoryProxy{key=Key[type=org.matsim.core.controler.listener.ControlerListener, annotation=@com.google.inject.internal.Element(setName=,uniqueId=88, type=MULTIBINDER, keyType=)], provider=com.google.inject.internal.ConstructorBindingImpl$Factory@7c0f28f8}
2024-05-03T16:22:44,824  INFO Injector:87   --> source: org.matsim.analysis.LegHistogramModule.install(LegHistogramModule.java:31)
2024-05-03T16:22:44,824  INFO Injector:89   --> scope: Scopes.NO_SCOPE
2024-05-03T16:22:44,824  INFO Injector:92   --> target: Key[type=org.matsim.analysis.LegHistogramListener, annotation=[none]]
2024-05-03T16:22:44,824  INFO Injector:94   ==full==> LinkedKeyBinding{key=Key[type=org.matsim.core.controler.listener.ControlerListener, annotation=@com.google.inject.internal.Element(setName=,uniqueId=88, type=MULTIBINDER, keyType=)], source=org.matsim.analysis.LegHistogramModule.install(LegHistogramModule.java:31), scope=Scopes.NO_SCOPE, target=Key[type=org.matsim.analysis.LegHistogramListener, annotation=[none]]}
2024-05-03T16:22:44,824  INFO Injector:96 
2024-05-03T16:22:44,825  INFO Injector:85 org.matsim.core.controler.listener.ControlerListener @com.google.inject.internal.Element(setName=,uniqueId=89, type=MULTIBINDER, keyType=)
2024-05-03T16:22:44,825  INFO Injector:86   --> provider: FactoryProxy{key=Key[type=org.matsim.core.controler.listener.ControlerListener, annotation=@com.google.inject.internal.Element(setName=,uniqueId=89, type=MULTIBINDER, keyType=)], provider=com.google.inject.internal.ConstructorBindingImpl$Factory@2abc8034}
2024-05-03T16:22:44,825  INFO Injector:87   --> source: org.matsim.analysis.LegTimesModule.install(LegTimesModule.java:32)
2024-05-03T16:22:44,825  INFO Injector:89   --> scope: Scopes.NO_SCOPE
[...]
2024-05-03T16:22:49,993  INFO AbstractController$4:160 ### ITERATION 1 fires scoring event
2024-05-03T16:22:49,993  INFO ControlerListenerManagerImpl:184 calling notifyScoring on org.matsim.core.scoring.PlansScoringImpl
2024-05-03T16:22:49,993  INFO NewScoreAssignerImpl:58 it: 1 msaStart: null
2024-05-03T16:22:49,994  INFO ControlerListenerManagerImpl:195 [it.1] all ControlerScoringListeners called.
2024-05-03T16:22:49,994  INFO AbstractController$5:168 ### ITERATION 1 fires iteration end event
2024-05-03T16:22:49,994  INFO ControlerListenerManagerImpl:161 calling notifyIterationEnds on org.matsim.core.controler.corelisteners.EventsHandlingImpl
2024-05-03T16:22:49,996  INFO EventsManagerImpl:159 removing Event-Handler: org.matsim.core.events.algorithms.EventWriterXML
2024-05-03T16:22:49,996  INFO EventsManagerImpl:159 removing Event-Handler: org.matsim.core.events.algorithms.EventWriterXML
2024-05-03T16:22:49,996  INFO ControlerListenerManagerImpl:161 calling notifyIterationEnds on org.matsim.core.scoring.PlansScoringImpl
2024-05-03T16:22:49,996  INFO ControlerListenerManagerImpl:168 calling notifyIterationEnds on org.matsim.counts.CountsControlerListener
2024-05-03T16:22:49,996  INFO ControlerListenerManagerImpl:168 calling notifyIterationEnds on org.matsim.analysis.ModeStatsControlerListener
2024-05-03T16:22:49,997  INFO ModeStatsControlerListener:145 Mode shares over all 201.0 trips found. MainModeIdentifier: class org.matsim.core.router.RoutingModeMainModeIdentifier
2024-05-03T16:22:49,997  INFO ModeStatsControlerListener:152 -- mode share of mode car = 1.0
2024-05-03T16:22:50,107  INFO ControlerListenerManagerImpl:168 calling notifyIterationEnds on org.matsim.analysis.ScoreStatsControlerListener
2024-05-03T16:22:50,108  INFO ScoreStatsControlerListener:182 -- avg. score of the executed plan of each agent: 64.84180132563583
2024-05-03T16:22:50,108  INFO ScoreStatsControlerListener:183 -- avg. score of the worst plan of each agent: 64.78366379257605
2024-05-03T16:22:50,108  INFO ScoreStatsControlerListener:184 -- avg. of the avg. plan score per agent: 64.81273255910591
2024-05-03T16:22:50,108  INFO ScoreStatsControlerListener:185 -- avg. score of the best plan of each agent: 64.84180132563583
2024-05-03T16:22:50,156  INFO ControlerListenerManagerImpl:168 calling notifyIterationEnds on org.matsim.analysis.IterationTravelStatsControlerListener
2024-05-03T16:22:50,157  INFO TravelDistanceStats:144 -- average leg distance per plan (executed plans only): 44776.119402985074 meters
2024-05-03T16:22:50,157  INFO TravelDistanceStats:145 average leg distance per Person (executed plans only): 90000.0 meters (statistic on all 201 legs which have a finite distance)
2024-05-03T16:22:50,157  INFO TravelDistanceStats:146 -- average trip distance per plan (executed plans only): 44776.119402985074 meters
2024-05-03T16:22:50,157  INFO TravelDistanceStats:147 average trip distance per Person (executed plans only): 90000.0 meters (statistic on all 201 trips which have a finite distance)
2024-05-03T16:22:50,157  INFO TravelDistanceStats:148 (TravelDistanceStats takes an average over all legs where the simulation reports travelled (network) distances
2024-05-03T16:22:50,157  INFO TravelDistanceStats:149 (and teleported legs whose route contains a distance.)
2024-05-03T16:22:50,386  INFO ControlerListenerManagerImpl:168 calling notifyIterationEnds on org.matsim.analysis.LegHistogramListener
2024-05-03T16:22:50,388  INFO LegHistogramListener:73 number of legs:	201	100%
2024-05-03T16:22:50,389  INFO LegHistogramListener:80 number of car legs:	201	100.0%
2024-05-03T16:22:50,485  INFO ControlerListenerManagerImpl:168 calling notifyIterationEnds on org.matsim.analysis.LinkStatsControlerListener
2024-05-03T16:22:50,486  INFO ControlerListenerManagerImpl:172 [it.1] all ControlerIterationEndsListeners called.
2024-05-03T16:22:50,541  INFO AbstractController:182 ### ITERATION 1 ENDS
2024-05-03T16:22:50,541  INFO AbstractController:183 ###################################################
2024-05-03T16:22:50,541  INFO MatsimRuntimeModifications:80 S H U T D O W N   ---   start shutdown.
2024-05-03T16:22:50,542  INFO ControlerListenerManagerImpl:122 calling notifyShutdown on org.matsim.core.controler.corelisteners.EventsHandlingImpl
2024-05-03T16:22:50,542  INFO ControlerListenerManagerImpl:122 calling notifyShutdown on org.matsim.core.controler.corelisteners.DumpDataAtEndImpl
2024-05-03T16:22:50,543  INFO Counter:70 [PopulationWriter] dumped person # 1
2024-05-03T16:22:50,544  INFO Counter:70 [PopulationWriter] dumped person # 2
2024-05-03T16:22:50,544  INFO Counter:70 [PopulationWriter] dumped person # 4
2024-05-03T16:22:50,545  INFO Counter:70 [PopulationWriter] dumped person # 8
2024-05-03T16:22:50,545  INFO Counter:70 [PopulationWriter] dumped person # 16
2024-05-03T16:22:50,547  INFO Counter:70 [PopulationWriter] dumped person # 32
2024-05-03T16:22:50,549  INFO Counter:70 [PopulationWriter] dumped person # 64
2024-05-03T16:22:50,552  INFO PopulationWriter:145 Population written to: test/output/org/matsim/project/RunMatsimTest/test/output_plans.xml.gz
2024-05-03T16:22:50,553  INFO Counter:75 [PopulationWriter] dumped person # 100
2024-05-03T16:22:50,555  INFO NetworkWriter:70 Writing network to file: test/output/org/matsim/project/RunMatsimTest/test/output_network.xml.gz...
2024-05-03T16:22:50,560  INFO NetworkWriter:73 done.
2024-05-03T16:22:50,566  INFO Config:602 setting context to [file:/C:/Users/ranyjulek/Desktop/uni/inteligencja-obliczeniowa/IO_projekt/java/]
2024-05-03T16:22:50,569  INFO Config:602 setting context to [file:/C:/Users/ranyjulek/Desktop/uni/inteligencja-obliczeniowa/IO_projekt/java/]
2024-05-03T16:22:50,571  INFO Config:602 setting context to [file:/C:/Users/ranyjulek/Desktop/uni/inteligencja-obliczeniowa/IO_projekt/java/]
2024-05-03T16:22:50,574  INFO Config:602 setting context to [file:/C:/Users/ranyjulek/Desktop/uni/inteligencja-obliczeniowa/IO_projekt/java/]
2024-05-03T16:22:50,576  INFO Config:602 setting context to [file:/C:/Users/ranyjulek/Desktop/uni/inteligencja-obliczeniowa/IO_projekt/java/]
2024-05-03T16:22:50,579  INFO Config:602 setting context to [file:/C:/Users/ranyjulek/Desktop/uni/inteligencja-obliczeniowa/IO_projekt/java/]
2024-05-03T16:22:50,581  INFO Config:602 setting context to [file:/C:/Users/ranyjulek/Desktop/uni/inteligencja-obliczeniowa/IO_projekt/java/]
2024-05-03T16:22:50,585  INFO Config:602 setting context to [file:/C:/Users/ranyjulek/Desktop/uni/inteligencja-obliczeniowa/IO_projekt/java/]
2024-05-03T16:22:50,587  INFO Config:602 setting context to [file:/C:/Users/ranyjulek/Desktop/uni/inteligencja-obliczeniowa/IO_projekt/java/]
2024-05-03T16:22:50,589  INFO Config:602 setting context to [file:/C:/Users/ranyjulek/Desktop/uni/inteligencja-obliczeniowa/IO_projekt/java/]
2024-05-03T16:22:50,591  INFO Config:602 setting context to [file:/C:/Users/ranyjulek/Desktop/uni/inteligencja-obliczeniowa/IO_projekt/java/]
2024-05-03T16:22:50,593  INFO Config:602 setting context to [file:/C:/Users/ranyjulek/Desktop/uni/inteligencja-obliczeniowa/IO_projekt/java/]
2024-05-03T16:22:50,594  INFO Config:602 setting context to [file:/C:/Users/ranyjulek/Desktop/uni/inteligencja-obliczeniowa/IO_projekt/java/]
2024-05-03T16:22:50,596  INFO Config:602 setting context to [file:/C:/Users/ranyjulek/Desktop/uni/inteligencja-obliczeniowa/IO_projekt/java/]
2024-05-03T16:22:50,598  INFO Config:602 setting context to [file:/C:/Users/ranyjulek/Desktop/uni/inteligencja-obliczeniowa/IO_projekt/java/]
2024-05-03T16:22:50,600  INFO Config:602 setting context to [file:/C:/Users/ranyjulek/Desktop/uni/inteligencja-obliczeniowa/IO_projekt/java/]
2024-05-03T16:22:50,601  INFO Config:602 setting context to [file:/C:/Users/ranyjulek/Desktop/uni/inteligencja-obliczeniowa/IO_projekt/java/]
2024-05-03T16:22:50,602  INFO Config:602 setting context to [file:/C:/Users/ranyjulek/Desktop/uni/inteligencja-obliczeniowa/IO_projekt/java/]
2024-05-03T16:22:50,605  INFO Config:602 setting context to [file:/C:/Users/ranyjulek/Desktop/uni/inteligencja-obliczeniowa/IO_projekt/java/]
2024-05-03T16:22:50,607  INFO Config:602 setting context to [file:/C:/Users/ranyjulek/Desktop/uni/inteligencja-obliczeniowa/IO_projekt/java/]
2024-05-03T16:22:50,607  INFO Config:602 setting context to [file:/C:/Users/ranyjulek/Desktop/uni/inteligencja-obliczeniowa/IO_projekt/java/]
2024-05-03T16:22:50,609  INFO Config:602 setting context to [file:/C:/Users/ranyjulek/Desktop/uni/inteligencja-obliczeniowa/IO_projekt/java/]
2024-05-03T16:22:50,610  INFO Config:602 setting context to [file:/C:/Users/ranyjulek/Desktop/uni/inteligencja-obliczeniowa/IO_projekt/java/]
2024-05-03T16:22:50,610  INFO Config:602 setting context to [file:/C:/Users/ranyjulek/Desktop/uni/inteligencja-obliczeniowa/IO_projekt/java/]
2024-05-03T16:22:50,612  INFO Config:602 setting context to [file:/C:/Users/ranyjulek/Desktop/uni/inteligencja-obliczeniowa/IO_projekt/java/]
2024-05-03T16:22:50,613  INFO Config:602 setting context to [file:/C:/Users/ranyjulek/Desktop/uni/inteligencja-obliczeniowa/IO_projekt/java/]
2024-05-03T16:22:50,615  INFO Config:602 setting context to [file:/C:/Users/ranyjulek/Desktop/uni/inteligencja-obliczeniowa/IO_projekt/java/]
2024-05-03T16:22:50,623  INFO MatsimVehicleWriter:55 about to write vehicles to: test/output/org/matsim/project/RunMatsimTest/test/output_vehicles.xml.gz
2024-05-03T16:22:50,624  INFO VehicleWriterV2:64 about to write vehicles to: test/output/org/matsim/project/RunMatsimTest/test/output_vehicles.xml.gz
2024-05-03T16:22:50,628  INFO MatsimVehicleWriter:55 about to write vehicles to: test/output/org/matsim/project/RunMatsimTest/test/output_allVehicles.xml.gz
2024-05-03T16:22:50,628  INFO VehicleWriterV2:64 about to write vehicles to: test/output/org/matsim/project/RunMatsimTest/test/output_allVehicles.xml.gz
2024-05-03T16:22:50,632  INFO HouseholdsWriterV10:67 about to write  households to: test/output/org/matsim/project/RunMatsimTest/test/output_households.xml.gz
2024-05-03T16:22:50,634  INFO Counter:75 [HouseholdsWriter] wrote household # 0
2024-05-03T16:22:50,649  INFO ControlerListenerManagerImpl:127 calling notifyShutdown on org.matsim.analysis.ScoreStatsControlerListener
2024-05-03T16:22:50,650  INFO ControlerListenerManagerImpl:127 calling notifyShutdown on org.matsim.analysis.IterationTravelStatsControlerListener
2024-05-03T16:22:50,650  INFO IterationTravelStatsControlerListener:109 Writing all Person and Attributes to personscsv
2024-05-03T16:22:50,654  INFO IterationTravelStatsControlerListener:153 ...done
2024-05-03T16:22:50,654  INFO ControlerListenerManagerImpl:130 all ControlerShutdownListeners called.
2024-05-03T16:22:50,654  INFO MatsimRuntimeModifications:103 S H U T D O W N   ---   shutdown completed.
2024-05-03T16:22:50,654  INFO OutputDirectoryLogging:171 closing the logfile, i.e. messages sent to the logger after this message are not written to the logfile.
2024-05-03T16:22:50,656  INFO OutputDirectoryLogging:171 closing the logfile, i.e. messages sent to the logger after this message are not written to the logfile.
2024-05-03T16:22:50,657  INFO Config:602 setting context to [file:/C:/Users/ranyjulek/Desktop/uni/inteligencja-obliczeniowa/IO_projekt/java/]
2024-05-03T16:22:50,658  INFO MatsimTestUtils:265 user.dir = C:\Users\ranyjulek\Desktop\uni\inteligencja-obliczeniowa\IO_projekt\java
2024-05-03T16:22:50,658  INFO Config:602 setting context to [file:/C:/Users/ranyjulek/Desktop/uni/inteligencja-obliczeniowa/IO_projekt/java/]
2024-05-03T16:22:50,659  INFO MatsimXmlParser:148 starting to parse xml from file test/input/org/matsim/project/RunMatsimTest/test//output_plans.xml.gz ...
2024-05-03T16:22:50,659  INFO IOUtils:213 Resolved test/input/org/matsim/project/RunMatsimTest/test//output_plans.xml.gz to test\input\org\matsim\project\RunMatsimTest\test\output_plans.xml.gz
2024-05-03T16:22:50,665  INFO PopulationReader:124 using population_v6-reader.
2024-05-03T16:22:50,665  INFO MatsimXmlParser:281 Trying to load http://www.matsim.org/files/dtd/population_v6.dtd. In some cases (e.g. network interface up but no connection), this may take a bit.
2024-05-03T16:22:50,750  INFO PopulationImpl:107  person # 1
2024-05-03T16:22:50,751  INFO PopulationImpl:107  person # 4
2024-05-03T16:22:50,758  INFO PopulationImpl:107  person # 16
2024-05-03T16:22:50,777  INFO PopulationImpl:107  person # 64
2024-05-03T16:22:50,786  INFO Config:602 setting context to [file:/C:/Users/ranyjulek/Desktop/uni/inteligencja-obliczeniowa/IO_projekt/java/]
2024-05-03T16:22:50,787  INFO Config:602 setting context to [file:/C:/Users/ranyjulek/Desktop/uni/inteligencja-obliczeniowa/IO_projekt/java/]
2024-05-03T16:22:50,788  INFO MatsimXmlParser:148 starting to parse xml from file test/output/org/matsim/project/RunMatsimTest/test//output_plans.xml.gz ...
2024-05-03T16:22:50,788  INFO IOUtils:213 Resolved test/output/org/matsim/project/RunMatsimTest/test//output_plans.xml.gz to test\output\org\matsim\project\RunMatsimTest\test\output_plans.xml.gz
2024-05-03T16:22:50,793  INFO PopulationReader:124 using population_v6-reader.
2024-05-03T16:22:50,793  INFO MatsimXmlParser:281 Trying to load http://www.matsim.org/files/dtd/population_v6.dtd. In some cases (e.g. network interface up but no connection), this may take a bit.
2024-05-03T16:22:50,851  INFO PopulationImpl:107  person # 1
2024-05-03T16:22:50,853  INFO PopulationImpl:107  person # 4
2024-05-03T16:22:50,859  INFO PopulationImpl:107  person # 16
2024-05-03T16:22:50,878  INFO PopulationImpl:107  person # 64
2024-05-03T16:22:50,903  INFO SingleHandlerEventsManager:148 adding Event-Handler: org.matsim.utils.eventsfilecomparison.Worker
2024-05-03T16:22:50,904  INFO SingleHandlerEventsManager:152   org.matsim.core.events.handler.BasicEventHandler
2024-05-03T16:22:50,904  INFO SingleHandlerEventsManager:284     > org.matsim.api.core.v01.events.Event
2024-05-03T16:22:50,904  INFO SingleHandlerEventsManager:152   java.lang.Runnable
2024-05-03T16:22:50,904  INFO SingleHandlerEventsManager:159 
2024-05-03T16:22:50,904  INFO SingleHandlerEventsManager:148 adding Event-Handler: org.matsim.utils.eventsfilecomparison.Worker
2024-05-03T16:22:50,905  INFO SingleHandlerEventsManager:152   org.matsim.core.events.handler.BasicEventHandler
2024-05-03T16:22:50,905  INFO SingleHandlerEventsManager:284     > org.matsim.api.core.v01.events.Event
2024-05-03T16:22:50,905  INFO SingleHandlerEventsManager:152   java.lang.Runnable
2024-05-03T16:22:50,905  INFO SingleHandlerEventsManager:159 
2024-05-03T16:22:50,910  INFO MatsimEventsReader$XmlEventsReader:167 using events_v1-reader.
2024-05-03T16:22:50,910  INFO MatsimEventsReader$XmlEventsReader:167 using events_v1-reader.
2024-05-03T16:22:50,911  INFO MatsimXmlParser:148 starting to parse xml from file test/output/org/matsim/project/RunMatsimTest/test//output_events.xml.gz ...
2024-05-03T16:22:50,911  INFO MatsimXmlParser:148 starting to parse xml from file test/input/org/matsim/project/RunMatsimTest/test//output_events.xml.gz ...
2024-05-03T16:22:50,911  INFO IOUtils:213 Resolved test/input/org/matsim/project/RunMatsimTest/test//output_events.xml.gz to test\input\org\matsim\project\RunMatsimTest\test\output_events.xml.gz
2024-05-03T16:22:50,911  INFO IOUtils:213 Resolved test/output/org/matsim/project/RunMatsimTest/test//output_events.xml.gz to test\output\org\matsim\project\RunMatsimTest\test\output_events.xml.gz
2024-05-03T16:22:50,915  INFO SingleHandlerEventsManager:181  event # 1
2024-05-03T16:22:50,926  INFO SingleHandlerEventsManager:181  event # 1
2024-05-03T16:22:50,928  INFO SingleHandlerEventsManager:181  event # 4
2024-05-03T16:22:50,928  INFO SingleHandlerEventsManager:181  event # 4
2024-05-03T16:22:50,928  INFO SingleHandlerEventsManager:181  event # 16
2024-05-03T16:22:50,928  INFO SingleHandlerEventsManager:181  event # 16
2024-05-03T16:22:50,930  INFO SingleHandlerEventsManager:181  event # 64
2024-05-03T16:22:50,930  INFO SingleHandlerEventsManager:181  event # 64
2024-05-03T16:22:50,936  INFO SingleHandlerEventsManager:181  event # 256
2024-05-03T16:22:50,936  INFO SingleHandlerEventsManager:181  event # 256
2024-05-03T16:22:50,961  INFO SingleHandlerEventsManager:181  event # 1024
2024-05-03T16:22:50,961  INFO SingleHandlerEventsManager:181  event # 1024
2024-05-03T16:22:50,998  INFO EventsFileComparator:94 Event files are semantically equivalent.
]]></system-out>
    <system-err><![CDATA[2024-05-03T16:22:45,266  WARN XY2LinksForFacilities:51 There is no link for at least a facility. Assigning links for such facilities from coords.
2024-05-03T16:22:45,268  WARN XY2LinksForFacilities:52  This message given only once.
2024-05-03T16:22:45,283  WARN PrepareForSimImpl:229 'usePersonIdForMissingVehicleId' is deprecated. It will be removed soon.
2024-05-03T16:22:45,325  WARN PreProcessEuclidean:60 There are links with stored length smaller than their Euclidean distance in this network. Thus, A* cannot guarantee to calculate the least-cost paths between two nodes.
2024-05-03T16:22:45,354  WARN RandomizingTimeDistanceTravelDisutilityFactory:113 There will be no routing randomness. The randomization of the travel disutility requires the monetary distance rate to be different than zero. Continuing anyway.
2024-05-03T16:22:45,355  WARN RandomizingTimeDistanceTravelDisutilityFactory:118 There will be no routing randomness. The randomization of the travel disutility requires the travel time cost rate to be different than zero. Continuing anyway.
2024-05-03T16:22:45,358  WARN PreProcessEuclidean:60 There are links with stored length smaller than their Euclidean distance in this network. Thus, A* cannot guarantee to calculate the least-cost paths between two nodes.
2024-05-03T16:22:45,563  WARN QueueWithBuffer:500 Link 1 too small: enlarge storage capacity from: 1333.3333333333333 Vehicles to: 3599.712023038157 Vehicles.  This is not fatal, but modifies the traffic flow dynamics.
2024-05-03T16:22:45,564  WARN QueueWithBuffer:500 Link 20 too small: enlarge storage capacity from: 1333.3333333333333 Vehicles to: 3599.712023038157 Vehicles.  This is not fatal, but modifies the traffic flow dynamics.
2024-05-03T16:22:45,564  WARN QueueWithBuffer:500 Link 21 too small: enlarge storage capacity from: 1333.3333333333333 Vehicles to: 3599.712023038157 Vehicles.  This is not fatal, but modifies the traffic flow dynamics.
2024-05-03T16:22:45,564  WARN QueueWithBuffer:500 Link 22 too small: enlarge storage capacity from: 4666.666666666667 Vehicles to: 12598.99208063355 Vehicles.  This is not fatal, but modifies the traffic flow dynamics.
2024-05-03T16:22:45,564  WARN QueueWithBuffer:500 Link 23 too small: enlarge storage capacity from: 1333.3333333333333 Vehicles to: 3599.712023038157 Vehicles.  This is not fatal, but modifies the traffic flow dynamics.
2024-05-03T16:22:48,325  WARN QueueWithBuffer:500 Link 1 too small: enlarge storage capacity from: 1333.3333333333333 Vehicles to: 3599.712023038157 Vehicles.  This is not fatal, but modifies the traffic flow dynamics.
2024-05-03T16:22:48,326  WARN QueueWithBuffer:500 Link 20 too small: enlarge storage capacity from: 1333.3333333333333 Vehicles to: 3599.712023038157 Vehicles.  This is not fatal, but modifies the traffic flow dynamics.
2024-05-03T16:22:48,326  WARN QueueWithBuffer:500 Link 21 too small: enlarge storage capacity from: 1333.3333333333333 Vehicles to: 3599.712023038157 Vehicles.  This is not fatal, but modifies the traffic flow dynamics.
2024-05-03T16:22:48,326  WARN QueueWithBuffer:500 Link 22 too small: enlarge storage capacity from: 4666.666666666667 Vehicles to: 12598.99208063355 Vehicles.  This is not fatal, but modifies the traffic flow dynamics.
2024-05-03T16:22:48,326  WARN QueueWithBuffer:500 Link 23 too small: enlarge storage capacity from: 1333.3333333333333 Vehicles to: 3599.712023038157 Vehicles.  This is not fatal, but modifies the traffic flow dynamics.
]]></system-err>
  </testcase>
</testsuite>